accountsservice					install
acl						install
acpi-support					install
acpid						install
add-apt-key					install
adduser						install
adwaita-icon-theme				install
adwaita-icon-theme-full				install
alsa-base					install
alsa-topology-conf				install
alsa-ucm-conf					install
alsa-utils					install
amd64-microcode					install
amdgpu-core					install
amdgpu-dkms					install
amdgpu-dkms-firmware				install
amdgpu-install					install
amdgpu-lib					install
amdgpu-lib32					install
anacron						install
apg						install
app-install-data				install
apparmor					install
appstream					install
apt						install
apt-clone					install
apt-utils					install
aptdaemon					install
aptdaemon-data					install
aptitude					install
aptitude-common					install
apturl						install
apturl-common					install
aspell						install
aspell-en					install
at-spi2-core					install
attr						install
autoconf					install
automake					install
autotools-dev					install
avahi-autoipd					install
avahi-daemon					install
avahi-utils					install
baobab						install
base-files					install
base-passwd					install
bash						install
bash-completion					install
bc						install
bind9-dnsutils					install
bind9-host					install
bind9-libs:amd64				install
binfmt-support					install
binutils					install
binutils-common:amd64				install
binutils-x86-64-linux-gnu			install
bison						install
blt						install
blueman						install
bluetooth					install
bluez						install
bluez-cups					install
bluez-obexd					install
bolt						install
brasero-common					install
breeze-cursor-theme				install
breeze-icon-theme				install
brltty						install
bsdextrautils					install
bsdmainutils					install
bsdutils					install
btrfs-progs					install
bubblewrap					install
build-essential					install
busybox-initramfs				install
busybox-static					install
bzip2						install
ca-certificates					install
ca-certificates-java				install
cabextract					install
caribou						install
casper						install
catfish						install
celluloid					install
chameleon-cursor-theme				install
cifs-utils					install
cinnamon-desktop-data				install
circle-flags-svg				install
colord						install
colord-data					install
comerr-dev:amd64				install
comgr						install
comixcursors-righthanded			install
command-not-found				install
compiz						install
compiz-core					install
compiz-gnome					install
compiz-plugins:amd64				install
compiz-plugins-default:amd64			install
compizconfig-settings-manager			install
compton						install
console-setup					install
console-setup-linux				install
coreutils					install
cpio						install
cpp						install
cpp-11						install
cpp-12						install
cracklib-runtime				install
cron						install
cryptsetup					install
cryptsetup-bin					install
cryptsetup-initramfs				install
crystalcursors					install
cups						install
cups-browsed					install
cups-bsd					install
cups-client					install
cups-common					install
cups-core-drivers				install
cups-daemon					install
cups-filters					install
cups-filters-core-drivers			install
cups-ipp-utils					install
cups-pk-helper					install
cups-ppdc					install
cups-server-common				install
curl						install
dash						install
dbus						install
dbus-user-session				install
dbus-x11					install
dc						install
dconf-cli					install
dconf-gsettings-backend:amd64			install
dconf-service					install
dcraw						install
dctrl-tools					install
debconf						install
debconf-i18n					install
debianutils					install
default-jre					install
default-jre-headless				install
desktop-file-utils				install
dialog						install
dictionaries-common				install
diffstat					install
diffutils					install
dirmngr						install
distro-info					install
distro-info-data				install
dkms						install
dmeventd					install
dmidecode					install
dmraid						install
dmsetup						install
dmz-cursor-theme				install
dns-root-data					install
dnsmasq-base					install
doc-base					install
docbook-xml					install
dosfstools					install
dpkg						install
dpkg-dev					install
dpkg-repack					install
drawing						install
e2fsprogs					install
ecryptfs-utils					install
ed						install
efibootmgr					install
eject						install
emacsen-common					install
enchant-2					install
espeak-ng-data:amd64				install
ethtool						install
evemu-tools					install
evolution-data-server				install
evolution-data-server-common			install
evtest						install
exfat-fuse					install
exfatprogs					install
exo-utils					install
fakeroot					install
fdisk						install
ffmpegthumbnailer				install
file						install
file-roller					install
finalrd						install
findutils					install
firefox						install
firefox-locale-en				install
firmware-sof-signed				install
flatpak						install
flex						install
fluid-soundfont-gm				install
fluid-soundfont-gs				install
font-manager					install
font-manager-common:amd64			install
font-viewer					install
fontconfig					install
fontconfig-config				install
fonts-beng					install
fonts-beng-extra				install
fonts-dejavu-core				install
fonts-deva					install
fonts-deva-extra				install
fonts-droid-fallback				install
fonts-font-awesome				install
fonts-freefont-ttf				install
fonts-gargi					install
fonts-gubbi					install
fonts-gujr					install
fonts-gujr-extra				install
fonts-guru					install
fonts-guru-extra				install
fonts-indic					install
fonts-kacst					install
fonts-kacst-one					install
fonts-kalapi					install
fonts-khmeros-core				install
fonts-knda					install
fonts-lao					install
fonts-lato					install
fonts-liberation				install
fonts-liberation2				install
fonts-lklug-sinhala				install
fonts-lohit-beng-assamese			install
fonts-lohit-beng-bengali			install
fonts-lohit-deva				install
fonts-lohit-gujr				install
fonts-lohit-guru				install
fonts-lohit-knda				install
fonts-lohit-mlym				install
fonts-lohit-orya				install
fonts-lohit-taml				install
fonts-lohit-taml-classical			install
fonts-lohit-telu				install
fonts-lyx					install
fonts-mathjax					install
fonts-mlym					install
fonts-nakula					install
fonts-navilu					install
fonts-noto-cjk					install
fonts-noto-color-emoji				install
fonts-noto-mono					install
fonts-opensymbol				install
fonts-orya					install
fonts-orya-extra				install
fonts-pagul					install
fonts-sahadeva					install
fonts-samyak-deva				install
fonts-samyak-gujr				install
fonts-samyak-mlym				install
fonts-samyak-taml				install
fonts-sarai					install
fonts-sil-abyssinica				install
fonts-sil-padauk				install
fonts-smc					install
fonts-smc-anjalioldlipi				install
fonts-smc-chilanka				install
fonts-smc-dyuthi				install
fonts-smc-gayathri				install
fonts-smc-karumbi				install
fonts-smc-keraleeyam				install
fonts-smc-manjari				install
fonts-smc-meera					install
fonts-smc-rachana				install
fonts-smc-raghumalayalamsans			install
fonts-smc-suruma				install
fonts-smc-uroob					install
fonts-taml					install
fonts-telu					install
fonts-telu-extra				install
fonts-teluguvijayam				install
fonts-thai-tlwg					install
fonts-tibetan-machine				install
fonts-tlwg-garuda				install
fonts-tlwg-garuda-ttf				install
fonts-tlwg-kinnari				install
fonts-tlwg-kinnari-ttf				install
fonts-tlwg-laksaman				install
fonts-tlwg-laksaman-ttf				install
fonts-tlwg-loma					install
fonts-tlwg-loma-ttf				install
fonts-tlwg-mono					install
fonts-tlwg-mono-ttf				install
fonts-tlwg-norasi				install
fonts-tlwg-norasi-ttf				install
fonts-tlwg-purisa				install
fonts-tlwg-purisa-ttf				install
fonts-tlwg-sawasdee				install
fonts-tlwg-sawasdee-ttf				install
fonts-tlwg-typewriter				install
fonts-tlwg-typewriter-ttf			install
fonts-tlwg-typist				install
fonts-tlwg-typist-ttf				install
fonts-tlwg-typo					install
fonts-tlwg-typo-ttf				install
fonts-tlwg-umpush				install
fonts-tlwg-umpush-ttf				install
fonts-tlwg-waree				install
fonts-tlwg-waree-ttf				install
fonts-ubuntu					install
fonts-urw-base35				install
fonts-yrsa-rasa					install
foomatic-db-compressed-ppds			install
fprintd						install
friendly-recovery				install
ftp						install
fuse3						install
fwupd						install
fwupd-signed					install
g++						install
g++-11						install
g++-11-multilib					install
g++-multilib					install
gamemode					install
gamemode-daemon					install
gawk						install
gcc						install
gcc-11						install
gcc-11-base:amd64				install
gcc-11-multilib					install
gcc-12						install
gcc-12-base:amd64				install
gcc-12-base:i386				install
gcc-multilib					install
gcolor3						install
gconf-service					install
gconf-service-backend				install
gconf2-common					install
gcr						install
gdb						install
gdbserver					install
gdebi						install
gdebi-core					install
gdisk						install
genisoimage					install
geoclue-2.0					install
geoip-database					install
gettext						install
gettext-base					install
ghostscript					install
ghostscript-x					install
gir1.2-accountsservice-1.0:amd64		install
gir1.2-appstream-1.0:amd64			install
gir1.2-appstreamglib-1.0:amd64			install
gir1.2-atk-1.0:amd64				install
gir1.2-atspi-2.0:amd64				install
gir1.2-ayatanaappindicator3-0.1			install
gir1.2-caribou-1.0				install
gir1.2-clutter-1.0:amd64			install
gir1.2-cogl-1.0:amd64				install
gir1.2-coglpango-1.0:amd64			install
gir1.2-dbusmenu-glib-0.4:amd64			install
gir1.2-dee-1.0					install
gir1.2-flatpak-1.0:amd64			install
gir1.2-freedesktop:amd64			install
gir1.2-gdesktopenums-3.0:amd64			install
gir1.2-gdkpixbuf-2.0:amd64			install
gir1.2-glib-2.0:amd64				install
gir1.2-gmenu-3.0:amd64				install
gir1.2-gnomedesktop-3.0:amd64			install
gir1.2-gspell-1:amd64				install
gir1.2-gst-plugins-base-1.0:amd64		install
gir1.2-gstreamer-1.0:amd64			install
gir1.2-gtk-3.0:amd64				install
gir1.2-gtksource-3.0:amd64			install
gir1.2-gtksource-4:amd64			install
gir1.2-gtop-2.0:amd64				install
gir1.2-gudev-1.0:amd64				install
gir1.2-handy-1:amd64				install
gir1.2-harfbuzz-0.0:amd64			install
gir1.2-ibus-1.0:amd64				install
gir1.2-javascriptcoregtk-4.0:amd64		install
gir1.2-json-1.0:amd64				install
gir1.2-nm-1.0:amd64				install
gir1.2-nma-1.0:amd64				install
gir1.2-notify-0.7:amd64				install
gir1.2-packagekitglib-1.0			install
gir1.2-pango-1.0:amd64				install
gir1.2-peas-1.0:amd64				install
gir1.2-polkit-1.0				install
gir1.2-rb-3.0:amd64				install
gir1.2-rsvg-2.0:amd64				install
gir1.2-secret-1:amd64				install
gir1.2-soup-2.4:amd64				install
gir1.2-timezonemap-1.0				install
gir1.2-udisks-2.0:amd64				install
gir1.2-upowerglib-1.0:amd64			install
gir1.2-vte-2.91:amd64				install
gir1.2-webkit2-4.0:amd64			install
gir1.2-wnck-3.0:amd64				install
gir1.2-xapp-1.0					install
gir1.2-xfconf-0:amd64				install
gir1.2-xkl-1.0:amd64				install
gir1.2-xviewer-3.0				install
git						install
git-man						install
gkbd-capplet					install
glib-networking:amd64				install
glib-networking-common				install
glib-networking-services			install
gnome-accessibility-themes			install
gnome-calculator				install
gnome-desktop3-data				install
gnome-disk-utility				install
gnome-icon-theme				install
gnome-keyring					install
gnome-keyring-pkcs11:amd64			install
gnome-logs					install
gnome-menus					install
gnome-session-canberra				install
gnome-settings-daemon				install
gnome-settings-daemon-common			install
gnome-shell-common				install
gnome-system-tools				install
gnome-themes-extra:amd64			install
gnome-themes-extra-data				install
gnome-tweaks					install
gnupg						install
gnupg-l10n					install
gnupg-utils					install
gnustep-base-common				install
gnustep-base-runtime				install
gnustep-common					install
gpg						install
gpg-agent					install
gpg-wks-client					install
gpg-wks-server					install
gpgconf						install
gpgsm						install
gpgv						install
grep						install
groff-base					install
growisofs					install
grub-common					install
grub-efi-amd64-bin				install
grub-efi-amd64-signed				install
grub-gfxpayload-lists				install
grub-pc						install
grub-pc-bin					install
grub2-common					install
gsettings-desktop-schemas			install
gsettings-ubuntu-schemas			install
gsfonts						install
gst-omx-amdgpu					install
gstreamer1.0-alsa:amd64				install
gstreamer1.0-clutter-3.0:amd64			install
gstreamer1.0-gl:amd64				install
gstreamer1.0-gtk3:amd64				install
gstreamer1.0-libav:amd64			install
gstreamer1.0-packagekit				install
gstreamer1.0-pipewire:amd64			install
gstreamer1.0-plugins-bad:amd64			install
gstreamer1.0-plugins-base:amd64			install
gstreamer1.0-plugins-base:i386			install
gstreamer1.0-plugins-base-apps			install
gstreamer1.0-plugins-good:amd64			install
gstreamer1.0-plugins-ugly:amd64			install
gstreamer1.0-pulseaudio:amd64			install
gstreamer1.0-tools				install
gstreamer1.0-vaapi:amd64			install
gstreamer1.0-x:amd64				install
gtk-update-icon-cache				install
gtk2-engines:amd64				install
gtk2-engines-murrine:amd64			install
gtk2-engines-pixbuf:amd64			install
gtkhash						install
gucharmap					install
gufw						install
guile-2.2-libs:amd64				install
gvfs:amd64					install
gvfs-backends					install
gvfs-common					install
gvfs-daemons					install
gvfs-fuse					install
gvfs-libs:amd64					install
gyp						install
gzip						install
hdparm						install
heif-gdk-pixbuf:amd64				install
hexchat						install
hexchat-common					install
hfsprogs					install
hicolor-icon-theme				install
hip-dev						install
hip-runtime-amd					install
hipcc						install
hostname					install
hplip						install
hplip-data					install
hsa-rocr					install
hsa-rocr-dev					install
hsakmt-roct-dev					install
hunspell-de-at-frami				install
hunspell-de-ch-frami				install
hunspell-de-de-frami				install
hunspell-en-au					install
hunspell-en-ca					install
hunspell-en-gb					install
hunspell-en-us					install
hunspell-en-za					install
hunspell-es					install
hunspell-fr					install
hunspell-fr-classical				install
hunspell-it					install
hunspell-pt-br					install
hunspell-pt-pt					install
hunspell-ru					install
hwdata						install
hyphen-de					install
hyphen-en-ca					install
hyphen-en-gb					install
hyphen-en-us					install
hyphen-fr					install
hyphen-it					install
hyphen-pt-br					install
hyphen-pt-pt					install
hyphen-ru					install
hypnotix					install
i965-va-driver:amd64				install
icu-devtools					install
ideviceinstaller				install
ieee-data					install
ifupdown					install
ifuse						install
iio-sensor-proxy				install
im-config					install
imagemagick-6-common				install
indicator-common				install
indicator-sound					install
info						install
init						install
init-system-helpers				install
initramfs-tools					install
initramfs-tools-bin				install
initramfs-tools-core				install
inputattach					install
install-info					install
intel-media-va-driver:amd64			install
intel-microcode					install
intltool-debian					install
inxi						install
ipp-usb						install
iproute2					install
iptables					install
iputils-arping					install
iputils-ping					install
iputils-tracepath				install
irqbalance					install
isc-dhcp-client					install
isc-dhcp-common					install
iso-codes					install
iso-flag-png					install
iucode-tool					install
iw						install
java-common					install
javascript-common				install
jfsutils					install
joyent-mdata-client				install
joystick					install
kbd						install
kerneloops					install
keyboard-configuration				install
keyutils					install
klibc-utils					install
kmod						install
kpartx						install
kpartx-boot					install
krb5-locales					install
krb5-multidev:amd64				install
language-pack-en				install
language-pack-en-base				install
language-pack-gnome-en				install
language-pack-gnome-en-base			install
laptop-detect					install
less						install
lib32asan6					install
lib32atomic1					install
lib32gcc-11-dev					install
lib32gcc-s1					install
lib32gomp1					install
lib32itm1					install
lib32quadmath0					install
lib32stdc++-11-dev				install
lib32stdc++6					install
lib32ubsan1					install
liba52-0.7.4:amd64				install
libaa1:amd64					install
libabsl20210324:amd64				install
libabw-0.1-1:amd64				install
libaccountsservice0:amd64			install
libacl1:amd64					install
libaec0:amd64					install
libaio1:amd64					install
libaio1:i386					install
libaliased-perl					install
libao-common					install
libao4:amd64					install
libaom3:amd64					install
libapparmor1:amd64				install
libapparmor1:i386				install
libappstream-glib8:amd64			install
libappstream4:amd64				install
libapr1:amd64					install
libaprutil1:amd64				install
libapt-pkg-perl					install
libapt-pkg6.0:amd64				install
libarchive-zip-perl				install
libarchive13:amd64				install
libargon2-1:amd64				install
libaribb24-0:amd64				install
libasan6:amd64					install
libasan8:amd64					install
libasound2:amd64				install
libasound2:i386					install
libasound2-data					install
libasound2-plugins:amd64			install
libasound2-plugins:i386				install
libaspell15:amd64				install
libass9:amd64					install
libassuan0:amd64				install
libasyncns0:amd64				install
libasyncns0:i386				install
libatasmart4:amd64				install
libatk-adaptor:amd64				install
libatk-bridge2.0-0:amd64			install
libatk-bridge2.0-0:i386				install
libatk1.0-0:amd64				install
libatk1.0-0:i386				install
libatk1.0-data					install
libatkmm-1.6-1v5:amd64				install
libatm1:amd64					install
libatomic1:amd64				install
libatomic1:i386					install
libatopology2:amd64				install
libatspi2.0-0:amd64				install
libatspi2.0-0:i386				install
libattr1:amd64					install
libaudit-common					install
libaudit1:amd64					install
libauthen-sasl-perl				install
libavahi-client3:amd64				install
libavahi-client3:i386				install
libavahi-common-data:amd64			install
libavahi-common-data:i386			install
libavahi-common3:amd64				install
libavahi-common3:i386				install
libavahi-core7:amd64				install
libavahi-glib1:amd64				install
libavc1394-0:amd64				install
libavcodec-extra:amd64				install
libavcodec-extra58:amd64			install
libavdevice58:amd64				install
libavfilter7:amd64				install
libavformat58:amd64				install
libavutil56:amd64				install
libayatana-appindicator3-1			install
libayatana-ido3-0.4-0:amd64			install
libayatana-indicator3-7:amd64			install
libb-hooks-endofscope-perl			install
libb-hooks-op-check-perl			install
libb2-1:amd64					install
libbabeltrace1:amd64				install
libbinutils:amd64				install
libblas3:amd64					install
libblkid1:amd64					install
libblkid1:i386					install
libblockdev-crypto2:amd64			install
libblockdev-fs2:amd64				install
libblockdev-loop2:amd64				install
libblockdev-part-err2:amd64			install
libblockdev-part2:amd64				install
libblockdev-swap2:amd64				install
libblockdev-utils2:amd64			install
libblockdev2:amd64				install
libblosc1:amd64					install
libbluetooth3:amd64				install
libbluray2:amd64				install
libboost-dev:amd64				install
libboost-filesystem1.74.0:amd64			install
libboost-iostreams1.74.0:amd64			install
libboost-locale1.74.0:amd64			install
libboost-regex1.74.0:amd64			install
libboost-thread1.74.0:amd64			install
libboost1.74-dev:amd64				install
libbpf0:amd64					install
libbrasero-media3-1:amd64			install
libbrlapi0.8:amd64				install
libbrotli1:amd64				install
libbrotli1:i386					install
libbs2b0:amd64					install
libbsd-dev:amd64				install
libbsd0:amd64					install
libbsd0:i386					install
libburn4:amd64					install
libbz2-1.0:amd64				install
libbz2-1.0:i386					install
libc-ares2:amd64				install
libc-bin					install
libc-dev-bin					install
libc-devtools					install
libc6:amd64					install
libc6:i386					install
libc6-dbg:amd64					install
libc6-dev:amd64					install
libc6-dev-i386					install
libc6-dev-x32					install
libc6-i386					install
libc6-x32					install
libcaca0:amd64					install
libcairo-gobject-perl:amd64			install
libcairo-gobject2:amd64				install
libcairo-gobject2:i386				install
libcairo-perl:amd64				install
libcairo2:amd64					install
libcairo2:i386					install
libcairomm-1.0-1v5:amd64			install
libcamel-1.2-63:amd64				install
libcanberra-gtk-module:amd64			install
libcanberra-gtk0:amd64				install
libcanberra-gtk3-0:amd64			install
libcanberra-gtk3-module:amd64			install
libcanberra-pulse:amd64				install
libcanberra0:amd64				install
libcanberra0:i386				install
libcap-ng0:amd64				install
libcap2:amd64					install
libcap2:i386					install
libcap2-bin					install
libcapi20-3:amd64				install
libcapi20-3:i386				install
libcapture-tiny-perl				install
libcaribou-common				install
libcaribou0:amd64				install
libcbor0.8:amd64				install
libcc1-0:amd64					install
libcdio-cdda2:amd64				install
libcdio-paranoia2:amd64				install
libcdio19:amd64					install
libcdparanoia0:amd64				install
libcdparanoia0:i386				install
libcdr-0.1-1:amd64				install
libcgi-fast-perl				install
libcgi-pm-perl					install
libchamplain-0.12-0:amd64			install
libchamplain-gtk-0.12-0:amd64			install
libchromaprint1:amd64				install
libcinnamon-desktop4:amd64			install
libclang-cpp11					install
libclass-data-inheritable-perl			install
libclass-method-modifiers-perl			install
libclass-xsaccessor-perl			install
libclone-perl					install
libclucene-contribs1v5:amd64			install
libclucene-core1v5:amd64			install
libclutter-1.0-0:amd64				install
libclutter-gst-3.0-0:amd64			install
libclutter-gtk-1.0-0:amd64			install
libcodec2-1.0:amd64				install
libcogl-pango20:amd64				install
libcogl-path20:amd64				install
libcogl20:amd64					install
libcolamd2:amd64				install
libcolord2:amd64				install
libcolord2:i386					install
libcolorhug2:amd64				install
libcom-err2:amd64				install
libcom-err2:i386				install
libcompizconfig0:amd64				install
libconfig-tiny-perl				install
libconfig9:amd64				install
libconst-fast-perl				install
libcpanel-json-xs-perl:amd64			install
libcrack2:amd64					install
libcrypt-dev:amd64				install
libcrypt1:amd64					install
libcrypt1:i386					install
libcryptsetup12:amd64				install
libctf-nobfd0:amd64				install
libctf0:amd64					install
libcups2:amd64					install
libcups2:i386					install
libcupsfilters1:amd64				install
libcupsimage2:amd64				install
libcurl3-gnutls:amd64				install
libcurl3-gnutls:i386				install
libcurl4:amd64					install
libcurl4:i386					install
libcwidget4:amd64				install
libdaemon0:amd64				install
libdata-dpath-perl				install
libdata-dump-perl				install
libdata-messagepack-perl			install
libdata-optlist-perl				install
libdata-validate-domain-perl			install
libdata-validate-ip-perl			install
libdata-validate-uri-perl			install
libdatrie1:amd64				install
libdatrie1:i386					install
libdav1d5:amd64					install
libdb5.3:amd64					install
libdb5.3:i386					install
libdbus-1-3:amd64				install
libdbus-1-3:i386				install
libdbus-glib-1-2:amd64				install
libdbusmenu-glib4:amd64				install
libdbusmenu-gtk3-4:amd64			install
libdc1394-25:amd64				install
libdca0:amd64					install
libdconf1:amd64					install
libde265-0:amd64				install
libdebconfclient0:amd64				install
libdebuginfod-common				install
libdebuginfod1:amd64				install
libdecor-0-0:amd64				install
libdecor-0-0:i386				install
libdecor-0-plugin-1-cairo:i386			install
libdecoration0:amd64				install
libdee-1.0-4:amd64				install
libdeflate0:amd64				install
libdeflate0:i386				install
libdevel-callchecker-perl			install
libdevel-size-perl				install
libdevel-stacktrace-perl			install
libdevmapper-event1.02.1:amd64			install
libdevmapper1.02.1:amd64			install
libdjvulibre-text				install
libdjvulibre21:amd64				install
libdmapsharing-3.0-2:amd64			install
libdmraid1.0.0.rc16:amd64			install
libdns-export1110				install
libdotconf0:amd64				install
libdouble-conversion3:amd64			install
libdpkg-perl					install
libdrm-amdgpu-amdgpu1:amd64			install
libdrm-amdgpu-amdgpu1:i386			install
libdrm-amdgpu-common				install
libdrm-amdgpu-dev:amd64				install
libdrm-amdgpu-radeon1:amd64			install
libdrm-amdgpu-radeon1:i386			install
libdrm-amdgpu1:amd64				install
libdrm-amdgpu1:i386				install
libdrm-common					install
libdrm-intel1:amd64				install
libdrm-intel1:i386				install
libdrm-nouveau2:amd64				install
libdrm-nouveau2:i386				install
libdrm-radeon1:amd64				install
libdrm-radeon1:i386				install
libdrm2:amd64					install
libdrm2:i386					install
libdrm2-amdgpu:amd64				install
libdrm2-amdgpu:i386				install
libdv4:amd64					install
libdvdcss2:amd64				install
libdvdnav4:amd64				install
libdvdread8:amd64				install
libdw1:amd64					install
libdw1:i386					install
libdynaloader-functions-perl			install
libe-book-0.1-1:amd64				install
libebackend-1.2-10:amd64			install
libebook-1.2-20:amd64				install
libebook-contacts-1.2-3:amd64			install
libecal-2.0-1:amd64				install
libecryptfs1					install
libedata-book-1.2-26:amd64			install
libedata-cal-2.0-1:amd64			install
libedataserver-1.2-26:amd64			install
libedataserverui-1.2-3:amd64			install
libedit2:amd64					install
libedit2:i386					install
libefiboot1:amd64				install
libefivar1:amd64				install
libegl-mesa0:amd64				install
libegl-mesa0:i386				install
libegl1:amd64					install
libegl1:i386					install
libegl1-amdgpu-mesa:amd64			install
libegl1-amdgpu-mesa:i386			install
libegl1-amdgpu-mesa-drivers:amd64		install
libegl1-amdgpu-mesa-drivers:i386		install
libeigen3-dev					install
libel-api-java					install
libelf-dev:amd64				install
libelf1:amd64					install
libelf1:i386					install
libemail-address-xs-perl			install
libenchant-2-2:amd64				install
libencode-locale-perl				install
libeot0:amd64					install
libepoxy0:amd64					install
libepoxy0:i386					install
libept1.6.0:amd64				install
libepubgen-0.1-1:amd64				install
liberror-perl					install
libespeak-ng1:amd64				install
libestr0:amd64					install
libetonyek-0.1-1:amd64				install
libevdev2:amd64					install
libevemu3:amd64					install
libevent-2.1-7:amd64				install
libevent-core-2.1-7:amd64			install
libexception-class-perl				install
libexempi8:amd64				install
libexif12:amd64					install
libexif12:i386					install
libexiv2-27:amd64				install
libexo-2-0:amd64				install
libexo-common					install
libexpat1:amd64					install
libexpat1:i386					install
libexpat1-dev:amd64				install
libexporter-tiny-perl				install
libext2fs2:amd64				install
libexttextcat-2.0-0:amd64			install
libexttextcat-data				install
libextutils-depends-perl			install
libfaad2:amd64					install
libfakeroot:amd64				install
libfastjson4:amd64				install
libfcgi-perl:amd64				install
libfcgi0ldbl:amd64				install
libfdisk1:amd64					install
libffi-dev:amd64				install
libffi8:amd64					install
libffi8:i386					install
libffmpegthumbnailer4v5:amd64			install
libfftw3-double3:amd64				install
libfftw3-single3:amd64				install
libfido2-1:amd64				install
libfile-basedir-perl				install
libfile-copy-recursive-perl			install
libfile-desktopentry-perl			install
libfile-fcntllock-perl				install
libfile-find-rule-perl				install
libfile-listing-perl				install
libfile-mimeinfo-perl				install
libfile-which-perl				install
libflac8:amd64					install
libflac8:i386					install
libflatpak0:amd64				install
libflite1:amd64					install
libfluidsynth3:amd64				install
libfont-afm-perl				install
libfont-ttf-perl				install
libfontconfig1:amd64				install
libfontconfig1:i386				install
libfontembed1:amd64				install
libfontenc1:amd64				install
libfprint-2-2:amd64				install
libfreeaptx0:amd64				install
libfreehand-0.1-1				install
libfreetype6:amd64				install
libfreetype6:i386				install
libfribidi0:amd64				install
libfribidi0:i386				install
libfuse2:amd64					install
libfuse3-3:amd64				install
libfwupd2:amd64					install
libfwupdplugin5:amd64				install
libgail-3-0:amd64				install
libgail-common:amd64				install
libgail18:amd64					install
libgamemode0:amd64				install
libgamemodeauto0:amd64				install
libgarcon-1-0:amd64				install
libgarcon-common				install
libgarcon-gtk3-1-0:amd64			install
libgbm1:amd64					install
libgbm1:i386					install
libgbm1-amdgpu:amd64				install
libgbm1-amdgpu:i386				install
libgc1:amd64					install
libgcab-1.0-0:amd64				install
libgcc-11-dev:amd64				install
libgcc-12-dev:amd64				install
libgcc-s1:amd64					install
libgcc-s1:i386					install
libgck-1-0:amd64				install
libgconf-2-4:amd64				install
libgcr-base-3-1:amd64				install
libgcr-ui-3-1:amd64				install
libgcrypt20:amd64				install
libgcrypt20:i386				install
libgd3:amd64					install
libgd3:i386					install
libgdata-common					install
libgdata22:amd64				install
libgdbm-compat4:amd64				install
libgdbm-compat4:i386				install
libgdbm6:amd64					install
libgdbm6:i386					install
libgdk-pixbuf-2.0-0:amd64			install
libgdk-pixbuf-2.0-0:i386			install
libgdk-pixbuf2.0-bin				install
libgdk-pixbuf2.0-common				install
libgee-0.8-2:amd64				install
libgeoclue-2-0:amd64				install
libgeocode-glib0:amd64				install
libgexiv2-2:amd64				install
libgfortran5:amd64				install
libgif7:amd64					install
libgirepository-1.0-1:amd64			install
libgl1:amd64					install
libgl1:i386					install
libgl1-amdgpu-mesa-dri:amd64			install
libgl1-amdgpu-mesa-dri:i386			install
libgl1-amdgpu-mesa-glx:amd64			install
libgl1-amdgpu-mesa-glx:i386			install
libgl1-mesa-dri:amd64				install
libgl1-mesa-dri:i386				install
libglapi-amdgpu-mesa:amd64			install
libglapi-amdgpu-mesa:i386			install
libglapi-mesa:amd64				install
libglapi-mesa:i386				install
libgles2:amd64					install
libglib-object-introspection-perl		install
libglib-perl:amd64				install
libglib2.0-0:amd64				install
libglib2.0-0:i386				install
libglib2.0-bin					install
libglib2.0-data					install
libglibmm-2.4-1v5:amd64				install
libglu1-mesa:amd64				install
libglu1-mesa:i386				install
libglvnd0:amd64					install
libglvnd0:i386					install
libglx-mesa0:amd64				install
libglx-mesa0:i386				install
libglx0:amd64					install
libglx0:i386					install
libgme0:amd64					install
libgmp10:amd64					install
libgmp10:i386					install
libgnome-desktop-3-19:amd64			install
libgnome-menu-3-0:amd64				install
libgnomekbd-common				install
libgnomekbd8:amd64				install
libgnustep-base1.28				install
libgnutls30:amd64				install
libgnutls30:i386				install
libgoa-1.0-0b:amd64				install
libgoa-1.0-common				install
libgomp1:amd64					install
libgpg-error-l10n				install
libgpg-error0:amd64				install
libgpg-error0:i386				install
libgpgme11:amd64				install
libgpgmepp6:amd64				install
libgphoto2-6:amd64				install
libgphoto2-6:i386				install
libgphoto2-l10n					install
libgphoto2-port12:amd64				install
libgphoto2-port12:i386				install
libgpm2:amd64					install
libgpm2:i386					install
libgpod-common					install
libgpod4:amd64					install
libgraphene-1.0-0:amd64				install
libgraphite2-3:amd64				install
libgraphite2-3:i386				install
libgrilo-0.3-0:amd64				install
libgs9:amd64					install
libgs9-common					install
libgsf-1-114:amd64				install
libgsf-1-common					install
libgsf-bin					install
libgsm1:amd64					install
libgsm1:i386					install
libgspell-1-2:amd64				install
libgspell-1-common				install
libgssapi-krb5-2:amd64				install
libgssapi-krb5-2:i386				install
libgssdp-1.2-0:amd64				install
libgssrpc4:amd64				install
libgstreamer-gl1.0-0:amd64			install
libgstreamer-plugins-bad1.0-0:amd64		install
libgstreamer-plugins-base1.0-0:amd64		install
libgstreamer-plugins-base1.0-0:i386		install
libgstreamer-plugins-good1.0-0:amd64		install
libgstreamer1.0-0:amd64				install
libgstreamer1.0-0:i386				install
libgtk-3-0:amd64				install
libgtk-3-0:i386					install
libgtk-3-bin					install
libgtk-3-common					install
libgtk2.0-0:amd64				install
libgtk2.0-bin					install
libgtk2.0-common				install
libgtk3-perl					install
libgtkmm-3.0-1v5:amd64				install
libgtksourceview-3.0-1:amd64			install
libgtksourceview-3.0-common			install
libgtksourceview-4-0:amd64			install
libgtksourceview-4-common			install
libgtop-2.0-11:amd64				install
libgtop2-common					install
libgucharmap-2-90-7:amd64			install
libgudev-1.0-0:amd64				install
libgupnp-1.2-1:amd64				install
libgupnp-igd-1.0-4:amd64			install
libgusb2:amd64					install
libgutenprint-common				install
libgutenprint9					install
libgweather-3-16:amd64				install
libgweather-common				install
libgxps2:amd64					install
libhandy-1-0:amd64				install
libharfbuzz-icu0:amd64				install
libharfbuzz0b:amd64				install
libharfbuzz0b:i386				install
libhdf5-103-1:amd64				install
libheif1:amd64					install
libhogweed6:amd64				install
libhogweed6:i386				install
libhpmud0:amd64					install
libhsqldb1.8.0-java				install
libhtml-form-perl				install
libhtml-format-perl				install
libhtml-html5-entities-perl			install
libhtml-parser-perl:amd64			install
libhtml-tagset-perl				install
libhtml-tree-perl				install
libhttp-cookies-perl				install
libhttp-daemon-perl				install
libhttp-date-perl				install
libhttp-message-perl				install
libhttp-negotiate-perl				install
libhunspell-1.7-0:amd64				install
libhyphen0:amd64				install
libibus-1.0-5:amd64				install
libical3:amd64					install
libice6:amd64					install
libice6:i386					install
libicu-dev:amd64				install
libicu70:amd64					install
libicu70:i386					install
libidn12:amd64					install
libidn2-0:amd64					install
libidn2-0:i386					install
libiec61883-0:amd64				install
libieee1284-3:amd64				install
libieee1284-3:i386				install
libigdgmm12:amd64				install
libijs-0.35:amd64				install
libilmbase25:amd64				install
libimagequant0:amd64				install
libimobiledevice-utils				install
libimobiledevice6:amd64				install
libimport-into-perl				install
libinih1:amd64					install
libinput-bin					install
libinput10:amd64				install
libinstpatch-1.0-2:amd64			install
libio-html-perl					install
libio-interactive-perl				install
libio-prompt-tiny-perl				install
libio-socket-ssl-perl				install
libio-string-perl				install
libip4tc2:amd64					install
libip6tc2:amd64					install
libipc-run3-perl				install
libipc-system-simple-perl			install
libipt2						install
libisc-export1105:amd64				install
libisl23:amd64					install
libisofs6:amd64					install
libiterator-perl				install
libiterator-util-perl				install
libitm1:amd64					install
libiw30:amd64					install
libjack-jackd2-0:amd64				install
libjack-jackd2-0:i386				install
libjansson4:amd64				install
libjavascriptcoregtk-4.0-18:amd64		install
libjavascriptcoregtk-4.1-0:amd64		install
libjbig0:amd64					install
libjbig0:i386					install
libjbig2dec0:amd64				install
libjcat1:amd64					install
libjpeg-turbo8:amd64				install
libjpeg-turbo8:i386				install
libjpeg8:amd64					install
libjpeg8:i386					install
libjs-bootstrap4				install
libjs-events					install
libjs-highlight.js				install
libjs-inherits					install
libjs-is-typedarray				install
libjs-jquery					install
libjs-jquery-ui					install
libjs-lunr					install
libjs-mathjax					install
libjs-modernizr					install
libjs-popper.js					install
libjs-psl					install
libjs-sizzle					install
libjs-source-map				install
libjs-sphinxdoc					install
libjs-sprintf-js				install
libjs-typedarray-to-buffer			install
libjs-underscore				install
libjson-c5:amd64				install
libjson-glib-1.0-0:amd64			install
libjson-glib-1.0-common				install
libjson-maybexs-perl				install
libjsp-api-java					install
libjte2:amd64					install
libjxr-tools					install
libjxr0:amd64					install
libk5crypto3:amd64				install
libk5crypto3:i386				install
libkadm5clnt-mit12:amd64			install
libkadm5srv-mit12:amd64				install
libkate1:amd64					install
libkdb5-10:amd64				install
libkeybinder-3.0-0:amd64			install
libkeybinder0					install
libkeyutils1:amd64				install
libkeyutils1:i386				install
libklibc:amd64					install
libkmod2:amd64					install
libkpathsea6:amd64				install
libkrb5-3:amd64					install
libkrb5-3:i386					install
libkrb5-dev:amd64				install
libkrb5support0:amd64				install
libkrb5support0:i386				install
libksba8:amd64					install
liblangtag-common				install
liblangtag1:amd64				install
liblapack3:amd64				install
liblbfgsb0:amd64				install
liblcms2-2:amd64				install
liblcms2-2:i386					install
liblcms2-utils					install
libldacbt-enc2:amd64				install
libldap-2.5-0:amd64				install
libldap-2.5-0:i386				install
libldap-common					install
libldb2:amd64					install
liblibreoffice-java				install
liblightdm-gobject-1-0:amd64			install
liblilv-0-0:amd64				install
liblirc-client0:amd64				install
liblist-compare-perl				install
liblist-moreutils-perl				install
liblist-moreutils-xs-perl			install
liblist-someutils-perl				install
liblist-utilsby-perl				install
libllvm11:amd64					install
libllvm15:amd64					install
libllvm15:i386					install
libllvm17.0-amdgpu:amd64			install
libllvm17.0-amdgpu:i386				install
liblmdb0:amd64					install
liblocale-gettext-perl				install
liblouis-data					install
liblouis20:amd64				install
liblouisutdml-bin				install
liblouisutdml-data				install
liblouisutdml9:amd64				install
liblqr-1-0:amd64				install
liblsan0:amd64					install
libltc11:amd64					install
libltdl7:amd64					install
libltdl7:i386					install
liblua5.2-0:amd64				install
libluajit-5.1-2:amd64				install
libluajit-5.1-common				install
liblvm2cmd2.03:amd64				install
liblwp-mediatypes-perl				install
liblwp-protocol-https-perl			install
liblz4-1:amd64					install
liblz4-1:i386					install
liblzma5:amd64					install
liblzma5:i386					install
liblzo2-2:amd64					install
libmagic-mgc					install
libmagic1:amd64					install
libmagickcore-6.q16-6:amd64			install
libmagickcore-6.q16-6-extra:amd64		install
libmagickwand-6.q16-6:amd64			install
libmalcontent-0-0:amd64				install
libmanette-0.2-0:amd64				install
libmarkdown2:amd64				install
libmaxminddb0:amd64				install
libmbim-glib4:amd64				install
libmbim-proxy					install
libmd-dev:amd64					install
libmd0:amd64					install
libmd0:i386					install
libmd4c0:amd64					install
libmessaging-menu0:amd64			install
libmetacity3:amd64				install
libmfx1:amd64					install
libmhash2:amd64					install
libminiupnpc17:amd64				install
libmjpegutils-2.1-0:amd64			install
libmm-glib0:amd64				install
libmnl0:amd64					install
libmodplug1:amd64				install
libmodule-implementation-perl			install
libmodule-runtime-perl				install
libmoo-perl					install
libmoox-aliases-perl				install
libmount1:amd64					install
libmount1:i386					install
libmouse-perl					install
libmp3lame0:amd64				install
libmpc3:amd64					install
libmpcdec6:amd64				install
libmpdec3:amd64					install
libmpeg2-4:amd64				install
libmpeg2encpp-2.1-0:amd64			install
libmpfr6:amd64					install
libmpg123-0:amd64				install
libmplex2-2.1-0:amd64				install
libmpv1:amd64					install
libmsgpackc2:amd64				install
libmspack0:amd64				install
libmspub-0.1-1:amd64				install
libmtdev1:amd64					install
libmtp-common					install
libmtp-runtime					install
libmtp9:amd64					install
libmujs1:amd64					install
libmwaw-0.3-3:amd64				install
libmysofa1:amd64				install
libmythes-1.2-0:amd64				install
libnamespace-clean-perl				install
libnatpmp1:amd64				install
libnautilus-extension1a:amd64			install
libncurses-dev:amd64				install
libncurses6:amd64				install
libncurses6:i386				install
libncursesw6:amd64				install
libncursesw6:i386				install
libndp0:amd64					install
libnet-dbus-perl				install
libnet-domain-tld-perl				install
libnet-http-perl				install
libnet-ipv6addr-perl				install
libnet-libidn-perl				install
libnet-netmask-perl				install
libnet-ssleay-perl:amd64			install
libnetaddr-ip-perl				install
libnetfilter-conntrack3:amd64			install
libnetplan0:amd64				install
libnettle8:amd64				install
libnettle8:i386					install
libnewt0.52:amd64				install
libnfnetlink0:amd64				install
libnfs13:amd64					install
libnftables1:amd64				install
libnftnl11:amd64				install
libnghttp2-14:amd64				install
libnghttp2-14:i386				install
libnice10:amd64					install
libnl-3-200:amd64				install
libnl-genl-3-200:amd64				install
libnl-route-3-200:amd64				install
libnm0:amd64					install
libnma-common					install
libnma0:amd64					install
libnode-dev					install
libnode72:amd64					install
libnorm-dev:amd64				install
libnorm1:amd64					install
libnotify-bin					install
libnotify4:amd64				install
libnotify4:i386					install
libnpth0:amd64					install
libnsl-dev:amd64				install
libnsl2:amd64					install
libnsl2:i386					install
libnspr4:amd64					install
libnspr4:i386					install
libnss-mdns:amd64				install
libnss-myhostname:amd64				install
libnss-nis:i386					install
libnss-nisplus:i386				install
libnss-systemd:amd64				install
libnss3:amd64					install
libnss3:i386					install
libntfs-3g89					install
libnuma1:amd64					install
libnumber-compare-perl				install
libnvpair3linux					install
libobjc4:amd64					install
libodbc2:amd64					install
libodbc2:i386					install
libodfgen-0.1-1:amd64				install
libogg0:amd64					install
libogg0:i386					install
libomxil-bellagio-bin				install
libomxil-bellagio0				install
liboobs-1-5:amd64				install
libopenal-data					install
libopenal1:amd64				install
libopenblas-dev:amd64				install
libopenblas-pthread-dev:amd64			install
libopenblas0:amd64				install
libopenblas0-pthread:amd64			install
libopencore-amrnb0:amd64			install
libopencore-amrwb0:amd64			install
libopenexr25:amd64				install
libopengl0:amd64				install
libopengl0:i386					install
libopenh264-6:amd64				install
libopenjp2-7:amd64				install
libopenjp2-7:i386				install
libopenmpt0:amd64				install
libopenni2-0:amd64				install
libopus0:amd64					install
libopus0:i386					install
liborc-0.4-0:amd64				install
liborc-0.4-0:i386				install
liborcus-0.17-0:amd64				install
liborcus-parser-0.17-0:amd64			install
libosmesa6:amd64				install
libosmesa6:i386					install
libostree-1-1:amd64				install
libp11-kit0:amd64				install
libp11-kit0:i386				install
libpackage-stash-perl				install
libpackagekit-glib2-18:amd64			install
libpagemaker-0.0-0:amd64			install
libpam-cap:amd64				install
libpam-gnome-keyring:amd64			install
libpam-modules:amd64				install
libpam-modules-bin				install
libpam-runtime					install
libpam-systemd:amd64				install
libpam0g:amd64					install
libpango-1.0-0:amd64				install
libpango-1.0-0:i386				install
libpangocairo-1.0-0:amd64			install
libpangocairo-1.0-0:i386			install
libpangoft2-1.0-0:amd64				install
libpangoft2-1.0-0:i386				install
libpangomm-1.4-1v5:amd64			install
libpangoxft-1.0-0:amd64				install
libpaper-utils					install
libpaper1:amd64					install
libparams-classify-perl				install
libparams-util-perl				install
libparted-fs-resize0:amd64			install
libparted2:amd64				install
libpath-tiny-perl				install
libpcap0.8:amd64				install
libpcap0.8:i386					install
libpcaudio0:amd64				install
libpci3:amd64					install
libpci3:i386					install
libpciaccess0:amd64				install
libpciaccess0:i386				install
libpcre2-16-0:amd64				install
libpcre2-32-0:amd64				install
libpcre2-8-0:amd64				install
libpcre2-8-0:i386				install
libpcre3:amd64					install
libpcre3:i386					install
libpcsclite1:amd64				install
libpeas-1.0-0:amd64				install
libpeas-common					install
libperl5.34:amd64				install
libperl5.34:i386				install
libperlio-gzip-perl				install
libperlio-utf8-strict-perl			install
libpfm4:amd64					install
libpgm-5.3-0:amd64				install
libpgm-dev:amd64				install
libphonenumber8:amd64				install
libpipeline1:amd64				install
libpipewire-0.3-0:amd64				install
libpipewire-0.3-0:i386				install
libpipewire-0.3-common				install
libpipewire-0.3-modules:amd64			install
libpipewire-0.3-modules:i386			install
libpixman-1-0:amd64				install
libpixman-1-0:i386				install
libpkcs11-helper1:amd64				install
libplacebo192:amd64				install
libplist3:amd64					install
libplymouth5:amd64				install
libpng16-16:amd64				install
libpng16-16:i386				install
libpocketsphinx3:amd64				install
libpolkit-agent-1-0:amd64			install
libpolkit-gobject-1-0:amd64			install
libpoppler-cpp0v5:amd64				install
libpoppler-glib8:amd64				install
libpoppler-glib8:i386				install
libpoppler118:amd64				install
libpoppler118:i386				install
libpopt0:amd64					install
libportaudio2:i386				install
libpostproc55:amd64				install
libproc-processtable-perl:amd64			install
libprocps8:amd64				install
libprotobuf23:amd64				install
libproxy1-plugin-gsettings:amd64		install
libproxy1-plugin-networkmanager:amd64		install
libproxy1v5:amd64				install
libpsl5:amd64					install
libpsl5:i386					install
libpulse-mainloop-glib0:amd64			install
libpulse0:amd64					install
libpulse0:i386					install
libpulsedsp:amd64				install
libpwquality-common				install
libpwquality1:amd64				install
libpython2-stdlib:amd64				install
libpython2.7-minimal:amd64			install
libpython2.7-stdlib:amd64			install
libpython3-dev:amd64				install
libpython3-stdlib:amd64				install
libpython3.10:amd64				install
libpython3.10-dev:amd64				install
libpython3.10-minimal:amd64			install
libpython3.10-stdlib:amd64			install
libqhull-r8.0:amd64				install
libqmi-glib5:amd64				install
libqmi-proxy					install
libqpdf28:amd64					install
libqrencode4:amd64				install
libqt5core5a:amd64				install
libqt5dbus5:amd64				install
libqt5gui5:amd64				install
libqt5network5:amd64				install
libqt5svg5:amd64				install
libqt5widgets5:amd64				install
libqt5x11extras5:amd64				install
libquadmath0:amd64				install
librabbitmq4:amd64				install
libraptor2-0:amd64				install
libraqm0:amd64					install
librasqal3:amd64				install
libraw1394-11:amd64				install
libraw20:amd64					install
librdf0:amd64					install
libreadline-dev:amd64				install
libreadline8:amd64				install
libreadline8:i386				install
libreoffice-base				install
libreoffice-base-core				install
libreoffice-base-drivers			install
libreoffice-calc				install
libreoffice-common				install
libreoffice-core				install
libreoffice-draw				install
libreoffice-gnome				install
libreoffice-gtk3				install
libreoffice-help-common				install
libreoffice-help-de				install
libreoffice-help-en-gb				install
libreoffice-help-en-us				install
libreoffice-help-es				install
libreoffice-help-fr				install
libreoffice-help-it				install
libreoffice-help-pt				install
libreoffice-help-pt-br				install
libreoffice-help-ru				install
libreoffice-help-zh-cn				install
libreoffice-help-zh-tw				install
libreoffice-impress				install
libreoffice-java-common				install
libreoffice-l10n-de				install
libreoffice-l10n-en-gb				install
libreoffice-l10n-en-za				install
libreoffice-l10n-es				install
libreoffice-l10n-fr				install
libreoffice-l10n-it				install
libreoffice-l10n-pt				install
libreoffice-l10n-pt-br				install
libreoffice-l10n-ru				install
libreoffice-l10n-zh-cn				install
libreoffice-l10n-zh-tw				install
libreoffice-math				install
libreoffice-sdbc-hsqldb				install
libreoffice-style-colibre			install
libreoffice-writer				install
librevenge-0.0-0:amd64				install
librhythmbox-core10:amd64			install
librole-tiny-perl				install
librsvg2-2:amd64				install
librsvg2-2:i386					install
librsvg2-common:amd64				install
librsvg2-common:i386				install
librtmp1:amd64					install
librtmp1:i386					install
librubberband2:amd64				install
libsamplerate0:amd64				install
libsamplerate0:i386				install
libsane-common					install
libsane-hpaio:amd64				install
libsane1:amd64					install
libsane1:i386					install
libsasl2-2:amd64				install
libsasl2-2:i386					install
libsasl2-modules:amd64				install
libsasl2-modules:i386				install
libsasl2-modules-db:amd64			install
libsasl2-modules-db:i386			install
libsasl2-modules-gssapi-mit:amd64		install
libsbc1:amd64					install
libsdl2-2.0-0:amd64				install
libsdl2-2.0-0:i386				install
libseccomp2:amd64				install
libsecret-1-0:amd64				install
libsecret-common				install
libselinux1:amd64				install
libselinux1:i386				install
libsemanage-common				install
libsemanage2:amd64				install
libsensors-config				install
libsensors5:amd64				install
libsensors5:i386				install
libsepol2:amd64					install
libserd-0-0:amd64				install
libsereal-decoder-perl				install
libsereal-encoder-perl:amd64			install
libserf-1-1:amd64				install
libservlet-api-java				install
libservlet3.1-java				install
libsgutils2-2:amd64				install
libshine3:amd64					install
libshout3:amd64					install
libsidplay1v5:amd64				install
libsigc++-2.0-0v5:amd64				install
libsigsegv2:amd64				install
libsixel1:amd64					install
libslang2:amd64					install
libsm6:amd64					install
libsm6:i386					install
libsmartcols1:amd64				install
libsmbclient:amd64				install
libsmbios-c2					install
libsnapd-glib1:amd64				install
libsnappy1v5:amd64				install
libsndfile1:amd64				install
libsndfile1:i386				install
libsndio7.0:amd64				install
libsnmp-base					install
libsnmp40:amd64					install
libsnmp40:i386					install
libsodium-dev:amd64				install
libsodium23:amd64				install
libsonic0:amd64					install
libsord-0-0:amd64				install
libsort-versions-perl				install
libsoundtouch1:amd64				install
libsoundtouch1:i386				install
libsoup-3.0-0:amd64				install
libsoup-3.0-common				install
libsoup-gnome2.4-1:amd64			install
libsoup2.4-1:amd64				install
libsoup2.4-common				install
libsource-highlight-common			install
libsource-highlight4v5				install
libsoxr0:amd64					install
libspa-0.2-modules:amd64			install
libspa-0.2-modules:i386				install
libspandsp2:amd64				install
libspectre1:amd64				install
libspeechd2:amd64				install
libspeex1:amd64					install
libspeexdsp1:amd64				install
libsphinxbase3:amd64				install
libsqlite3-0:amd64				install
libsqlite3-0:i386				install
libsratom-0-0:amd64				install
libsrt1.4-gnutls:amd64				install
libsrtp2-1:amd64				install
libss2:amd64					install
libssh-4:amd64					install
libssh-4:i386					install
libssh-gcrypt-4:amd64				install
libssl-dev:amd64				install
libssl3:amd64					install
libssl3:i386					install
libstartup-notification0:amd64			install
libstdc++-11-dev:amd64				install
libstdc++6:amd64				install
libstdc++6:i386					install
libstemmer0d:amd64				install
libstrictures-perl				install
libsub-exporter-perl				install
libsub-exporter-progressive-perl		install
libsub-identify-perl				install
libsub-install-perl				install
libsub-name-perl				install
libsub-quote-perl				install
libsuitesparseconfig5:amd64			install
libsvn1:amd64					install
libswresample3:amd64				install
libswscale5:amd64				install
libsyntax-keyword-try-perl			install
libsystemd0:amd64				install
libsystemd0:i386				install
libsz2:amd64					install
libtag1v5:amd64					install
libtag1v5-vanilla:amd64				install
libtagc0:amd64					install
libtalloc2:amd64				install
libtasn1-6:amd64				install
libtasn1-6:i386					install
libtbb12:amd64					install
libtbbmalloc2:amd64				install
libtcl8.6:amd64					install
libtdb1:amd64					install
libtdb1:i386					install
libteamdctl0:amd64				install
libterm-readkey-perl				install
libtevent0:amd64				install
libtext-charwidth-perl				install
libtext-glob-perl				install
libtext-iconv-perl				install
libtext-levenshteinxs-perl			install
libtext-markdown-discount-perl:amd64		install
libtext-wrapi18n-perl				install
libtext-xslate-perl:amd64			install
libthai-data					install
libthai0:amd64					install
libthai0:i386					install
libtheora0:amd64				install
libtheora0:i386					install
libthunarx-3-0:amd64				install
libtie-ixhash-perl				install
libtiff5:amd64					install
libtiff5:i386					install
libtime-duration-perl				install
libtime-moment-perl				install
libtimedate-perl				install
libtimezonemap-data				install
libtimezonemap1:amd64				install
libtinfo-dev:amd64				install
libtinfo6:amd64					install
libtinfo6:i386					install
libtirpc-common					install
libtirpc-dev:amd64				install
libtirpc3:amd64					install
libtirpc3:i386					install
libtk8.6:amd64					install
libtotem-plparser-common			install
libtotem-plparser18:amd64			install
libtry-tiny-perl				install
libtsan0:amd64					install
libtsan2:amd64					install
libtspi1					install
libtss2-esys-3.0.2-0:amd64			install
libtss2-mu0:amd64				install
libtss2-sys1:amd64				install
libtss2-tcti-cmd0:amd64				install
libtss2-tcti-device0:amd64			install
libtss2-tcti-mssim0:amd64			install
libtss2-tcti-swtpm0:amd64			install
libtumbler-1-0:amd64				install
libtwolame0:amd64				install
libubsan1:amd64					install
libuchardet0:amd64				install
libudev1:amd64					install
libudev1:i386					install
libudfread0:amd64				install
libudisks2-0:amd64				install
libunarr1:amd64					install
libunicode-utf8-perl				install
libunistring2:amd64				install
libunistring2:i386				install
libunity-protocol-private0:amd64		install
libunity-scopes-json-def-desktop		install
libunity9:amd64					install
libuno-cppu3					install
libuno-cppuhelpergcc3-3				install
libuno-purpenvhelpergcc3-3			install
libuno-sal3					install
libuno-salhelpergcc3-3				install
libunoloader-java				install
libunshield0:amd64				install
libunwind8:amd64				install
libunwind8:i386					install
libupower-glib3:amd64				install
liburi-perl					install
liburing2:amd64					install
libusb-1.0-0:amd64				install
libusb-1.0-0:i386				install
libusbmuxd6:amd64				install
libutempter0:amd64				install
libutf8proc2:amd64				install
libuuid-perl					install
libuuid1:amd64					install
libuuid1:i386					install
libuutil3linux					install
libuv1:amd64					install
libuv1-dev:amd64				install
libv4l-0:amd64					install
libv4l-0:i386					install
libv4lconvert0:amd64				install
libv4lconvert0:i386				install
libva-amdgpu-drm2:amd64				install
libva-amdgpu-drm2:i386				install
libva-amdgpu-glx2:amd64				install
libva-amdgpu-glx2:i386				install
libva-amdgpu-wayland2:amd64			install
libva-amdgpu-wayland2:i386			install
libva-amdgpu-x11-2:amd64			install
libva-amdgpu-x11-2:i386				install
libva-drm2:amd64				install
libva-wayland2:amd64				install
libva-x11-2:amd64				install
libva2:amd64					install
libva2-amdgpu:amd64				install
libva2-amdgpu:i386				install
libvariable-magic-perl				install
libvdpau1:amd64					install
libvdpau1:i386					install
libvidstab1.1:amd64				install
libvisio-0.1-1:amd64				install
libvisual-0.4-0:amd64				install
libvisual-0.4-0:i386				install
libvisual-0.4-plugins:amd64			install
libvo-aacenc0:amd64				install
libvo-amrwbenc0:amd64				install
libvolume-key1					install
libvorbis0a:amd64				install
libvorbis0a:i386				install
libvorbisenc2:amd64				install
libvorbisenc2:i386				install
libvorbisfile3:amd64				install
libvorbisfile3:i386				install
libvpx7:amd64					install
libvte-2.91-0:amd64				install
libvte-2.91-common				install
libvulkan1:amd64				install
libwacom-bin					install
libwacom-common					install
libwacom9:amd64					install
libwavpack1:amd64				install
libwayland-amdgpu-client0:amd64			install
libwayland-amdgpu-client0:i386			install
libwayland-amdgpu-server0:amd64			install
libwayland-amdgpu-server0:i386			install
libwayland-client0:amd64			install
libwayland-client0:i386				install
libwayland-cursor0:amd64			install
libwayland-cursor0:i386				install
libwayland-egl1:amd64				install
libwayland-egl1:i386				install
libwayland-server0:amd64			install
libwayland-server0:i386				install
libwbclient0:amd64				install
libwebkit2gtk-4.0-37:amd64			install
libwebkit2gtk-4.1-0:amd64			install
libwebp7:amd64					install
libwebp7:i386					install
libwebpdemux2:amd64				install
libwebpmux3:amd64				install
libwebrtc-audio-processing1:amd64		install
libwebrtc-audio-processing1:i386		install
libwebsocket-api-java				install
libwildmidi2:amd64				install
libwmf-0.2-7:amd64				install
libwmf-0.2-7-gtk				install
libwmf0.2-7-gtk:amd64				install
libwmflite-0.2-7:amd64				install
libwnck-3-0:amd64				install
libwnck-3-common				install
libwoff1:amd64					install
libwpd-0.10-10:amd64				install
libwpe-1.0-1:amd64				install
libwpebackend-fdo-1.0-1:amd64			install
libwpg-0.3-3:amd64				install
libwps-0.4-4:amd64				install
libwrap0:amd64					install
libwrap0:i386					install
libwww-perl					install
libwww-robotrules-perl				install
libwxbase3.0-0v5:i386				install
libwxgtk3.0-gtk3-0v5:i386			install
libx11-6:amd64					install
libx11-6:i386					install
libx11-data					install
libx11-protocol-perl				install
libx11-xcb1:amd64				install
libx11-xcb1:i386				install
libx264-163:amd64				install
libx265-199:amd64				install
libx32asan6					install
libx32atomic1					install
libx32gcc-11-dev				install
libx32gcc-s1					install
libx32gomp1					install
libx32itm1					install
libx32quadmath0					install
libx32stdc++-11-dev				install
libx32stdc++6					install
libx32ubsan1					install
libxapian30:amd64				install
libxapp1:amd64					install
libxatracker2:amd64				install
libxatracker2-amdgpu:amd64			install
libxatracker2-amdgpu:i386			install
libxau6:amd64					install
libxau6:i386					install
libxaw7:amd64					install
libxcb-dri2-0:amd64				install
libxcb-dri2-0:i386				install
libxcb-dri3-0:amd64				install
libxcb-dri3-0:i386				install
libxcb-glx0:amd64				install
libxcb-glx0:i386				install
libxcb-icccm4:amd64				install
libxcb-image0:amd64				install
libxcb-keysyms1:amd64				install
libxcb-present0:amd64				install
libxcb-present0:i386				install
libxcb-randr0:amd64				install
libxcb-randr0:i386				install
libxcb-render-util0:amd64			install
libxcb-render0:amd64				install
libxcb-render0:i386				install
libxcb-shape0:amd64				install
libxcb-shm0:amd64				install
libxcb-shm0:i386				install
libxcb-sync1:amd64				install
libxcb-sync1:i386				install
libxcb-util1:amd64				install
libxcb-xfixes0:amd64				install
libxcb-xfixes0:i386				install
libxcb-xinerama0:amd64				install
libxcb-xinput0:amd64				install
libxcb-xkb1:amd64				install
libxcb-xv0:amd64				install
libxcb1:amd64					install
libxcb1:i386					install
libxcomposite1:amd64				install
libxcomposite1:i386				install
libxcursor1:amd64				install
libxcursor1:i386				install
libxcvt0:amd64					install
libxdamage1:amd64				install
libxdamage1:i386				install
libxdmcp6:amd64					install
libxdmcp6:i386					install
libxeus-python0					install
libxeus1					install
libxext6:amd64					install
libxext6:i386					install
libxfce4panel-2.0-4				install
libxfce4ui-2-0:amd64				install
libxfce4ui-common				install
libxfce4util-bin				install
libxfce4util-common				install
libxfce4util7:amd64				install
libxfconf-0-3:amd64				install
libxfixes3:amd64				install
libxfixes3:i386					install
libxfont2:amd64					install
libxft2:amd64					install
libxi6:amd64					install
libxi6:i386					install
libxinerama1:amd64				install
libxinerama1:i386				install
libxkbcommon-x11-0:amd64			install
libxkbcommon0:amd64				install
libxkbcommon0:i386				install
libxkbfile1:amd64				install
libxkbregistry0:amd64				install
libxkbregistry0:i386				install
libxklavier16:amd64				install
libxml-libxml-perl				install
libxml-namespacesupport-perl			install
libxml-parser-perl:amd64			install
libxml-sax-base-perl				install
libxml-sax-expat-perl				install
libxml-sax-perl					install
libxml-twig-perl				install
libxml-xpathengine-perl				install
libxml2:amd64					install
libxml2:i386					install
libxml2-dev:amd64				install
libxmlb2:amd64					install
libxmlsec1:amd64				install
libxmlsec1-nss:amd64				install
libxmu6:amd64					install
libxmuu1:amd64					install
libxpm4:amd64					install
libxpm4:i386					install
libxpresent1:amd64				install
libxrandr2:amd64				install
libxrandr2:i386					install
libxreaderdocument3				install
libxreaderview3					install
libxrender1:amd64				install
libxrender1:i386				install
libxres1:amd64					install
libxs-parse-keyword-perl			install
libxshmfence1:amd64				install
libxshmfence1:i386				install
libxsimd-dev:amd64				install
libxslt1.1:amd64				install
libxslt1.1:i386					install
libxss1:amd64					install
libxss1:i386					install
libxt6:amd64					install
libxtables12:amd64				install
libxtst6:amd64					install
libxv1:amd64					install
libxvidcore4:amd64				install
libxvmc1:amd64					install
libxxf86dga1:amd64				install
libxxf86vm1:amd64				install
libxxf86vm1:i386				install
libxxhash0:amd64				install
libyajl2:amd64					install
libyaml-0-2:amd64				install
libyaml-libyaml-perl				install
libyaml-tiny-perl				install
libyelp0:amd64					install
libz3-4:amd64					install
libz3-dev:amd64					install
libzbar0:amd64					install
libzfs4linux					install
libzimg2:amd64					install
libzip4:amd64					install
libzmq3-dev:amd64				install
libzmq5:amd64					install
libzpool5linux					install
libzstd1:amd64					install
libzstd1:i386					install
libzvbi-common					install
libzvbi0:amd64					install
libzxingcore1:amd64				install
light-locker					install
light-locker-settings				install
lightdm						install
lightdm-settings				install
lintian						install
linux-base					install
linux-firmware					install
linux-generic-hwe-22.04				install
linux-headers-5.15.0-91				install
linux-headers-5.15.0-91-generic			install
linux-headers-6.2.0-39-generic			install
linux-headers-6.5.0-41-generic			install
linux-headers-generic-hwe-22.04			install
linux-hwe-6.2-headers-6.2.0-39			install
linux-hwe-6.5-headers-6.5.0-41			install
linux-image-5.15.0-91-generic			install
linux-image-6.2.0-39-generic			install
linux-image-6.5.0-41-generic			install
linux-image-generic-hwe-22.04			install
linux-libc-dev:amd64				install
linux-modules-5.15.0-91-generic			install
linux-modules-6.2.0-39-generic			install
linux-modules-6.5.0-41-generic			install
linux-modules-extra-5.15.0-91-generic		install
linux-modules-extra-6.2.0-39-generic		install
linux-modules-extra-6.5.0-41-generic		install
linux-sound-base				install
linuxmint-keyring				install
llvm-11						install
llvm-11-dev					install
llvm-11-linker-tools				install
llvm-11-runtime					install
llvm-11-tools					install
lm-sensors					install
localechooser-data				install
locales						install
login						install
logrotate					install
logsave						install
lp-solve					install
lsb-base					install
lsb-release					install
lshw						install
lsof						install
lto-disabled-list				install
ltrace						install
lvm2						install
lzip						install
lzop						install
m4						install
mailcap						install
make						install
makedev						install
man-db						install
manpages					install
manpages-dev					install
mawk						install
media-player-info				install
media-types					install
menulibre					install
mesa-amdgpu-omx-drivers:amd64			install
mesa-amdgpu-va-drivers:amd64			install
mesa-amdgpu-va-drivers:i386			install
mesa-amdgpu-vdpau-drivers:amd64			install
mesa-amdgpu-vdpau-drivers:i386			install
mesa-utils					install
mesa-utils-bin:amd64				install
mesa-va-drivers:amd64				install
mesa-vdpau-drivers:amd64			install
mesa-vdpau-drivers:i386				install
mesa-vulkan-drivers:amd64			install
metacity					install
metacity-common					install
mime-support					install
mint-artwork					install
mint-backgrounds-vanessa			install
mint-backgrounds-vera				install
mint-backgrounds-victoria			install
mint-backgrounds-virginia			install
mint-common					install
mint-cursor-themes				install
mint-info-xfce					install
mint-l-icons					install
mint-l-theme					install
mint-meta-codecs				install
mint-meta-core					install
mint-meta-xfce					install
mint-mirrors					install
mint-themes					install
mint-translations				install
mint-upgrade-info				install
mint-x-icons					install
mint-y-icons					install
mintbackup					install
mintdesktop					install
mintdrivers					install
mintinstall					install
mintlocale					install
mintreport					install
mintsources					install
mintstick					install
mintsystem					install
mintupdate					install
mintwelcome					install
mkdocs						install
mobile-broadband-provider-info			install
modemmanager					install
module-assistant				install
mokutil						install
mount						install
mousetweaks					install
mscompress					install
mtools						install
mtr-tiny					install
mugshot						install
mutter-common					install
mythes-de					install
mythes-de-ch					install
mythes-en-au					install
mythes-en-us					install
mythes-fr					install
mythes-it					install
mythes-pt-pt					install
mythes-ru					install
nano						install
nautilus-data					install
nautilus-dropbox				install
ncal						install
ncurses-base					install
ncurses-bin					install
neofetch					install
neovim						install
neovim-qt					install
neovim-runtime					install
net-tools					install
netbase						install
netcat-openbsd					install
netplan.io					install
network-manager					install
network-manager-config-connectivity-ubuntu	install
network-manager-gnome				install
network-manager-openvpn				install
network-manager-openvpn-gnome			install
network-manager-pptp				install
network-manager-pptp-gnome			install
networkd-dispatcher				install
nftables					install
nlohmann-json3-dev				install
node-abab					install
node-abbrev					install
node-agent-base					install
node-ansi-regex					install
node-ansi-styles				install
node-ansistyles					install
node-aproba					install
node-archy					install
node-are-we-there-yet				install
node-argparse					install
node-arrify					install
node-asap					install
node-asynckit					install
node-balanced-match				install
node-brace-expansion				install
node-builtins					install
node-cacache					install
node-chalk					install
node-chownr					install
node-clean-yaml-object				install
node-cli-table					install
node-clone					install
node-color-convert				install
node-color-name					install
node-colors					install
node-columnify					install
node-combined-stream				install
node-commander					install
node-console-control-strings			install
node-copy-concurrently				install
node-core-util-is				install
node-coveralls					install
node-cssom					install
node-cssstyle					install
node-debug					install
node-decompress-response			install
node-defaults					install
node-delayed-stream				install
node-delegates					install
node-depd					install
node-diff					install
node-encoding					install
node-end-of-stream				install
node-err-code					install
node-escape-string-regexp			install
node-esprima					install
node-events					install
node-fancy-log					install
node-fetch					install
node-foreground-child				install
node-form-data					install
node-fs-write-stream-atomic			install
node-fs.realpath				install
node-function-bind				install
node-gauge					install
node-get-stream					install
node-glob					install
node-got					install
node-graceful-fs				install
node-growl					install
node-gyp					install
node-has-flag					install
node-has-unicode				install
node-hosted-git-info				install
node-https-proxy-agent				install
node-iconv-lite					install
node-iferr					install
node-imurmurhash				install
node-indent-string				install
node-inflight					install
node-inherits					install
node-ini					install
node-ip						install
node-ip-regex					install
node-is-buffer					install
node-is-plain-obj				install
node-is-typedarray				install
node-isarray					install
node-isexe					install
node-jquery					install
node-js-yaml					install
node-jsdom					install
node-json-buffer				install
node-json-parse-better-errors			install
node-jsonparse					install
node-kind-of					install
node-lcov-parse					install
node-lodash-packages				install
node-log-driver					install
node-lowercase-keys				install
node-lru-cache					install
node-mime					install
node-mime-types					install
node-mimic-response				install
node-minimatch					install
node-minimist					install
node-minipass					install
node-mkdirp					install
node-move-concurrently				install
node-ms						install
node-mute-stream				install
node-negotiator					install
node-nopt					install
node-normalize-package-data			install
node-npm-bundled				install
node-npm-package-arg				install
node-npmlog					install
node-object-assign				install
node-once					install
node-opener					install
node-osenv					install
node-p-cancelable				install
node-p-map					install
node-path-is-absolute				install
node-process-nextick-args			install
node-promise-inflight				install
node-promise-retry				install
node-promzard					install
node-psl					install
node-pump					install
node-punycode					install
node-quick-lru					install
node-read					install
node-read-package-json				install
node-readable-stream				install
node-resolve					install
node-retry					install
node-rimraf					install
node-run-queue					install
node-safe-buffer				install
node-semver					install
node-set-blocking				install
node-signal-exit				install
node-slash					install
node-slice-ansi					install
node-source-map					install
node-source-map-support				install
node-spdx-correct				install
node-spdx-exceptions				install
node-spdx-expression-parse			install
node-spdx-license-ids				install
node-sprintf-js					install
node-ssri					install
node-stack-utils				install
node-stealthy-require				install
node-string-decoder				install
node-string-width				install
node-strip-ansi					install
node-supports-color				install
node-tap					install
node-tap-mocha-reporter				install
node-tap-parser					install
node-tar					install
node-text-table					install
node-time-stamp					install
node-tmatch					install
node-tough-cookie				install
node-typedarray-to-buffer			install
node-unique-filename				install
node-universalify				install
node-util-deprecate				install
node-validate-npm-package-license		install
node-validate-npm-package-name			install
node-wcwidth.js					install
node-webidl-conversions				install
node-whatwg-fetch				install
node-which					install
node-wide-align					install
node-wrappy					install
node-write-file-atomic				install
node-ws						install
node-yallist					install
nodejs						install
nodejs-doc					install
npm						install
ntfs-3g						install
numba-doc					install
numix-icon-theme				install
numix-icon-theme-circle				install
nvidia-prime-applet				install
ocl-icd-libopencl1:amd64			install
ocl-icd-libopencl1:i386				install
onboard						install
onboard-common					install
openjdk-11-jre:amd64				install
openjdk-11-jre-headless:amd64			install
openmp-extras-runtime				install
openprinting-ppds				install
openssh-client					install
openssl						install
openvpn						install
orca						install
os-prober					install
oxygen-cursor-theme				install
oxygen-cursor-theme-extra			install
p11-kit						install
p11-kit-modules:amd64				install
p7zip						install
p7zip-full					install
packagekit					install
packagekit-tools				install
papirus-icon-theme				install
parted						install
passwd						install
patch						install
patchutils					install
pavucontrol					install
pci.ids						install
pciutils					install
pcmciautils					install
pcsx2:i386					install
perl						install
perl-base					install
perl-modules-5.34				install
perl-openssl-defaults:amd64			install
phinger-cursor-theme				install
pinentry-curses					install
pinentry-gnome3					install
pip-check-reqs					install
pipenv						install
piper						install
pipewire:amd64					install
pipewire:i386					install
pipewire-bin:i386				install
pipewire-media-session				install
pipewire-pulse:i386				install
pipewire-tests:i386				install
pipexec						install
pipsi						install
pipx						install
pix						install
pix-data					install
pix-dbg						install
pkexec						install
pkg-config					install
plocate						install
plymouth					install
plymouth-label					install
plymouth-theme-spinner				install
plymouth-theme-ubuntu-text			install
pm-utils					install
policykit-1					install
policykit-1-gnome				install
policykit-desktop-privileges			install
polkitd						install
poppler-data					install
poppler-utils					install
powermgmt-base					install
ppp						install
pppconfig					install
pppoeconf					install
pptp-linux					install
printer-driver-brlaser				install
printer-driver-c2esp				install
printer-driver-foo2zjs				install
printer-driver-foo2zjs-common			install
printer-driver-gutenprint			install
printer-driver-hpcups				install
printer-driver-m2300w				install
printer-driver-min12xxw				install
printer-driver-pnm2ppa				install
printer-driver-postscript-hp			install
printer-driver-ptouch				install
printer-driver-pxljr				install
printer-driver-sag-gdi				install
printer-driver-splix				install
procps						install
psmisc						install
publicsuffix					install
pulseaudio					install
pulseaudio-module-bluetooth			install
pulseaudio-utils				install
pybind11-dev					install
pybind11-json-dev				install
python-apt-common				install
python-babel-localedata				install
python-dev-is-python3				install
python-is-python3				install
python-matplotlib-data				install
python-odf-doc					install
python-odf-tools				install
python-tables-data				install
python2						install
python2-minimal					install
python2.7					install
python2.7-minimal				install
python3						install
python3-appdirs					install
python3-apport					install
python3-apt					install
python3-aptdaemon				install
python3-aptdaemon.gtk3widgets			install
python3-argcomplete				install
python3-async-timeout				install
python3-attr					install
python3-babel					install
python3-beniget					install
python3-blinker					install
python3-bottleneck				install
python3-brlapi:amd64				install
python3-brotli					install
python3-bs4					install
python3-cairo:amd64				install
python3-certifi					install
python3-cffi-backend:amd64			install
python3-chardet					install
python3-click					install
python3-colorama				install
python3-commandnotfound				install
python3-compizconfig:amd64			install
python3-configobj				install
python3-cryptography				install
python3-cups:amd64				install
python3-cupshelpers				install
python3-cycler					install
python3-dateutil				install
python3-dbus					install
python3-debian					install
python3-decorator				install
python3-defer					install
python3-defusedxml				install
python3-dev					install
python3-distlib					install
python3-distro					install
python3-distutils				install
python3-et-xmlfile				install
python3-evdev					install
python3-eyed3					install
python3-filelock				install
python3-fonttools				install
python3-fs					install
python3-gast					install
python3-gdbm:amd64				install
python3-gi					install
python3-gi-cairo				install
python3-gnupg					install
python3-gpg					install
python3-greenlet				deinstall
python3-html5lib				install
python3-httplib2				install
python3-icu					install
python3-idna					install
python3-ifaddr					install
python3-imdbpy					install
python3-importlib-metadata			install
python3-iniconfig				install
python3-jdcal					install
python3-jeepney					install
python3-jinja2					install
python3-joypy					install
python3-jwt					install
python3-keyring					install
python3-kiwisolver				install
python3-launchpadlib				install
python3-lazr.restfulclient			install
python3-lazr.uri				install
python3-ldb					install
python3-lib2to3					install
python3-livereload				install
python3-llvmlite				install
python3-louis					install
python3-lxml:amd64				install
python3-lz4					install
python3-magic					install
python3-mako					install
python3-markdown				install
python3-markupsafe				install
python3-matplotlib				install
python3-minimal					install
python3-more-itertools				install
python3-mpmath					install
python3-mutagen					install
python3-nacl					install
python3-netaddr					install
python3-netifaces:amd64				install
python3-numba					install
python3-numexpr					install
python3-numpy					install
python3-oauthlib				install
python3-odf					install
python3-openpyxl				install
python3-packaging				install
python3-pandas					install
python3-pandas-lib:amd64			install
python3-parted					install
python3-pexpect					install
python3-pil:amd64				install
python3-pil.imagetk:amd64			install
python3-pip					install
python3-pip-whl					install
python3-pkg-resources				install
python3-platformdirs				install
python3-pluggy					install
python3-ply					install
python3-problem-report				install
python3-psutil					install
python3-ptyprocess				install
python3-py					install
python3-pyatspi					install
python3-pycryptodome				install
python3-pycurl					install
python3-pyelftools				install
python3-pygments				install
python3-pyinotify				install
python3-pyparsing				install
python3-pytest					install
python3-pythran					install
python3-qrcode					install
python3-reportlab				install
python3-reportlab-accel:amd64			install
python3-requests				install
python3-requests-file				install
python3-samba					install
python3-scipy					install
python3-secretstorage				install
python3-setproctitle:amd64			install
python3-setuptools				install
python3-setuptools-whl				install
python3-six					install
python3-soupsieve				install
python3-speechd					install
python3-sympy					install
python3-systemd					install
python3-tables					install
python3-tables-lib				install
python3-talloc:amd64				install
python3-tdb					install
python3-tk:amd64				install
python3-tldextract				install
python3-toml					install
python3-tornado					install
python3-typing-extensions			install
python3-tz					install
python3-ufolib2					install
python3-unicodedata2				install
python3-unidecode				install
python3-uno					install
python3-urllib3					install
python3-userpath				install
python3-venv					install
python3-virtualenv				install
python3-virtualenv-clone			install
python3-wadllib					install
python3-webencodings				install
python3-websockets				install
python3-wheel					install
python3-wheel-whl				install
python3-xapp					install
python3-xdg					install
python3-xkit					install
python3-xlwt					install
python3-yaml					install
python3-zipp					install
python3.10					install
python3.10-dev					install
python3.10-minimal				install
python3.10-venv					install
qjoypad						install
qt5-gtk-platformtheme:amd64			install
qt5-gtk2-platformtheme:amd64			install
qt5-style-plugin-cleanlooks:amd64		install
qt5-style-plugin-motif:amd64			install
qt5-style-plugin-plastique:amd64		install
qt5-style-plugins:amd64				install
qt5ct						install
qttranslations5-l10n				install
ratbagd						install
rdate						install
readline-common					install
redshift					install
redshift-gtk					install
reiserfsprogs					install
rename						install
rfkill						install
rhythmbox					install
rhythmbox-data					install
rhythmbox-plugin-tray-icon			install
rhythmbox-plugins				install
rocm-core					install
rocm-hip-runtime				install
rocm-language-runtime				install
rocm-llvm					install
rocm-opencl					install
rocm-opencl-icd-loader				install
rocm-opencl-runtime				install
rocminfo					install
rocprofiler-register				install
rpcsvc-proto					install
rsync						install
rsyslog						install
rtkit						install
rtl8821ce-dkms					install
samba-common					install
samba-common-bin				install
samba-libs:amd64				install
sane-airscan					install
sane-utils					install
sbsigntool					install
seahorse					install
secureboot-db					install
sed						install
sensible-utils					install
session-migration				install
sgml-base					install
sgml-data					install
shared-mime-info				install
shim-signed					install
simple-scan					install
slick-greeter					install
smbclient					install
software-properties-common			install
sound-theme-freedesktop				install
speech-dispatcher				install
speech-dispatcher-audio-plugins:amd64		install
speech-dispatcher-espeak-ng			install
sphinx-rtd-theme-common				install
spotify-client					install
squashfs-tools					install
ssl-cert					install
sticky						install
stow						install
strace						install
sublime-text					install
sudo						install
switcheroo-control				install
synaptic					install
syslinux					install
syslinux-common					install
syslinux-utils					install
system-config-printer				install
system-config-printer-common			install
system-config-printer-udev			install
system-tools-backends				install
systemd						install
systemd-coredump				install
systemd-sysv					install
systemd-timesyncd				install
sysvinit-utils					install
t1utils						install
tar						install
tcl						install
tcl8.6						install
tcpdump						install
telnet						install
thermald					install
thingy						install
thunar						install
thunar-archive-plugin:amd64			install
thunar-data					install
thunar-dropbox-plugin:amd64			install
thunar-font-manager:amd64			install
thunar-gtkhash					install
thunar-media-tags-plugin			install
thunar-vcs-plugin				install
thunar-volman					install
thunarx-python					install
thunderbird					install
thunderbird-gnome-support			install
thunderbird-locale-en				install
thunderbird-locale-en-us			install
time						install
timeshift					install
timgm6mb-soundfont				install
tk8.6-blt2.5					install
tmux						install
tnftp						install
tpm-udev					install
transmission-common				install
transmission-gtk				install
tree						install
tumbler:amd64					install
tumbler-common					install
tzdata						install
ubuntu-dbgsym-keyring				install
ubuntu-drivers-common				install
ubuntu-keyring					install
ubuntu-system-adjustments			install
ucf						install
udev						install
udisks2						install
ufw						install
unar						install
unicode-data					install
uno-libs-private				install
unshield					install
unzip						install
update-inetd					install
upower						install
ure						install
ure-java					install
usb-modeswitch					install
usb-modeswitch-data				install
usb.ids						install
usbmuxd						install
usbutils					install
user-setup					install
usrmerge					install
util-linux					install
uuid-dev:amd64					install
uuid-runtime					install
va-driver-all:amd64				install
valgrind					install
vdpau-driver-all:i386				install
vim-common					install
vim-tiny					install
wamerican					install
warpinator					install
wbrazilian					install
wbritish					install
webapp-manager					install
webp-pixbuf-loader				install
wfrench						install
wget						install
whiptail					install
wine-stable					install
wine-stable-amd64				install
wine-stable-i386:i386				install
winehq-stable					install
wireless-regdb					install
wireless-tools					install
witalian					install
wmctrl						install
wngerman					install
wogerman					install
wpasupplicant					install
wportuguese					install
wspanish					install
wswiss						install
x11-apps					install
x11-common					install
x11-session-utils				install
x11-utils					install
x11-xkb-utils					install
x11-xserver-utils				install
xapp-appimage-thumbnailer			install
xapp-epub-thumbnailer				install
xapp-mp3-thumbnailer				install
xapp-raw-thumbnailer				install
xapp-thumbnailers-common			install
xapps-common					install
xauth						install
xbitmaps					install
xbrlapi						install
xdg-dbus-proxy					install
xdg-desktop-portal				install
xdg-desktop-portal-gtk				install
xdg-desktop-portal-xapp				install
xdg-user-dirs					install
xdg-user-dirs-gtk				install
xdg-utils					install
xed						install
xed-common					install
xed-dbg						install
xeus-dev					install
xeus-python-dev					install
xfce4-appfinder					install
xfce4-cpufreq-plugin:amd64			install
xfce4-datetime-plugin:amd64			install
xfce4-dict					install
xfce4-eyes-plugin:amd64				install
xfce4-helpers					install
xfce4-indicator-plugin				install
xfce4-mailwatch-plugin				install
xfce4-notifyd					install
xfce4-panel					install
xfce4-places-plugin:amd64			install
xfce4-power-manager				install
xfce4-power-manager-data			install
xfce4-power-manager-plugins			install
xfce4-pulseaudio-plugin:amd64			install
xfce4-screenshooter				install
xfce4-session					install
xfce4-settings					install
xfce4-statusnotifier-plugin:amd64		install
xfce4-systemload-plugin:amd64			install
xfce4-taskmanager				install
xfce4-terminal					install
xfce4-time-out-plugin				install
xfce4-timer-plugin:amd64			install
xfce4-verve-plugin:amd64			install
xfce4-volumed					install
xfce4-weather-plugin:amd64			install
xfce4-whiskermenu-plugin:amd64			install
xfce4-xapp-status-plugin			install
xfce4-xkb-plugin:amd64				install
xfconf						install
xfdesktop4					install
xfdesktop4-data					install
xfonts-base					install
xfonts-encodings				install
xfonts-scalable					install
xfonts-utils					install
xfsprogs					install
xfwm4						install
xiccd						install
xinit						install
xinput						install
xkb-data					install
xml-core					install
xorg						install
xorg-docs-core					install
xreader						install
xreader-common					install
xreader-dbg					install
xserver-common					install
xserver-xephyr					install
xserver-xorg					install
xserver-xorg-amdgpu-video-amdgpu		install
xserver-xorg-core				install
xserver-xorg-input-all				install
xserver-xorg-input-joystick			install
xserver-xorg-input-libinput			install
xserver-xorg-input-wacom			install
xserver-xorg-legacy				install
xserver-xorg-video-all				install
xserver-xorg-video-amdgpu			install
xserver-xorg-video-ati				install
xserver-xorg-video-fbdev			install
xserver-xorg-video-intel			install
xserver-xorg-video-nouveau			install
xserver-xorg-video-qxl				install
xserver-xorg-video-radeon			install
xserver-xorg-video-vesa				install
xserver-xorg-video-vmware			install
xtl-dev						install
xviewer						install
xviewer-dbg					install
xviewer-plugins					install
xwayland					install
xxd						install
xz-utils					install
yaru-theme-gnome-shell				install
yaru-theme-icon					install
yelp						install
yelp-xsl					install
yt-dlp						install
zenity						install
zenity-common					install
zfs-initramfs					install
zfs-zed						install
zfsutils-linux					install
zip						install
zlib1g:amd64					install
zlib1g:i386					install
zlib1g-dev:amd64				install
zsh						install
zsh-common					install
zstd						install
