accountsservice
acl
acpi-support
acpid
add-apt-key
adduser
adwaita-icon-theme
adwaita-icon-theme-full
alsa-base
alsa-topology-conf
alsa-ucm-conf
alsa-utils
amd64-microcode
amdgpu-dkms
amdgpu-install
amdgpu-lib
amdgpu-lib32
anacron
apg
app-install-data
apparmor
appstream
apt
apt-clone
apt-utils
aptdaemon
aptdaemon-data
aptitude
aptitude-common
apturl
apturl-common
aspell
aspell-en
at-spi2-core
attr
avahi-autoipd
avahi-daemon
avahi-utils
baobab
base-files
base-passwd
bash
bash-completion
bc
bind9-dnsutils
bind9-host
bind9-libs
binutils
binutils-common
binutils-x86-64-linux-gnu
bison
blueman
bluetooth
bluez
bluez-cups
bluez-obexd
bolt
brasero-common
breeze-cursor-theme
breeze-icon-theme
brltty
bsdextrautils
bsdmainutils
bsdutils
btrfs-progs
bubblewrap
build-essential
busybox-initramfs
busybox-static
bzip2
ca-certificates
ca-certificates-java
caribou
casper
catfish
celluloid
chameleon-cursor-theme
cifs-utils
cinnamon-desktop-data
circle-flags-svg
colord
colord-data
comixcursors-righthanded
command-not-found
compiz
compiz-core
compiz-gnome
compiz-plugins
compiz-plugins-default
compizconfig-settings-manager
compton
console-setup
console-setup-linux
coreutils
cpio
cpp
cpp-11
cpp-12
cracklib-runtime
cron
cryptsetup
cryptsetup-bin
cryptsetup-initramfs
crystalcursors
cups
cups-browsed
cups-bsd
cups-client
cups-common
cups-core-drivers
cups-daemon
cups-filters
cups-filters-core-drivers
cups-ipp-utils
cups-pk-helper
cups-ppdc
cups-server-common
curl
dash
dbus
dbus-user-session
dbus-x11
dc
dconf-cli
dconf-gsettings-backend
dconf-service
dcraw
dctrl-tools
debconf
debconf-i18n
debianutils
default-jre
default-jre-headless
desktop-file-utils
dialog
dictionaries-common
diffstat
diffutils
dirmngr
distro-info
distro-info-data
dkms
dmeventd
dmidecode
dmraid
dmsetup
dmz-cursor-theme
dns-root-data
dnsmasq-base
doc-base
docbook-xml
dosfstools
dpkg
dpkg-dev
dpkg-repack
drawing
e2fsprogs
ecryptfs-utils
ed
efibootmgr
eject
emacsen-common
enchant-2
espeak-ng-data
ethtool
evolution-data-server
evolution-data-server-common
exfat-fuse
exfatprogs
exo-utils
fakeroot
fdisk
ffmpegthumbnailer
file
file-roller
finalrd
findutils
firefox
firefox-locale-en
firmware-sof-signed
flatpak
flex
fontconfig
fontconfig-config
fonts-beng
fonts-beng-extra
fonts-dejavu-core
fonts-deva
fonts-deva-extra
fonts-droid-fallback
fonts-freefont-ttf
fonts-gargi
fonts-gubbi
fonts-gujr
fonts-gujr-extra
fonts-guru
fonts-guru-extra
fonts-indic
fonts-kacst
fonts-kacst-one
fonts-kalapi
fonts-khmeros-core
fonts-knda
fonts-lao
fonts-liberation
fonts-liberation2
fonts-lklug-sinhala
fonts-lohit-beng-assamese
fonts-lohit-beng-bengali
fonts-lohit-deva
fonts-lohit-gujr
fonts-lohit-guru
fonts-lohit-knda
fonts-lohit-mlym
fonts-lohit-orya
fonts-lohit-taml
fonts-lohit-taml-classical
fonts-lohit-telu
fonts-mathjax
fonts-mlym
fonts-nakula
fonts-navilu
fonts-noto-cjk
fonts-noto-color-emoji
fonts-noto-mono
fonts-opensymbol
fonts-orya
fonts-orya-extra
fonts-pagul
fonts-sahadeva
fonts-samyak-deva
fonts-samyak-gujr
fonts-samyak-mlym
fonts-samyak-taml
fonts-sarai
fonts-sil-abyssinica
fonts-sil-padauk
fonts-smc
fonts-smc-anjalioldlipi
fonts-smc-chilanka
fonts-smc-dyuthi
fonts-smc-gayathri
fonts-smc-karumbi
fonts-smc-keraleeyam
fonts-smc-manjari
fonts-smc-meera
fonts-smc-rachana
fonts-smc-raghumalayalamsans
fonts-smc-suruma
fonts-smc-uroob
fonts-taml
fonts-telu
fonts-telu-extra
fonts-teluguvijayam
fonts-thai-tlwg
fonts-tibetan-machine
fonts-tlwg-garuda
fonts-tlwg-garuda-ttf
fonts-tlwg-kinnari
fonts-tlwg-kinnari-ttf
fonts-tlwg-laksaman
fonts-tlwg-laksaman-ttf
fonts-tlwg-loma
fonts-tlwg-loma-ttf
fonts-tlwg-mono
fonts-tlwg-mono-ttf
fonts-tlwg-norasi
fonts-tlwg-norasi-ttf
fonts-tlwg-purisa
fonts-tlwg-purisa-ttf
fonts-tlwg-sawasdee
fonts-tlwg-sawasdee-ttf
fonts-tlwg-typewriter
fonts-tlwg-typewriter-ttf
fonts-tlwg-typist
fonts-tlwg-typist-ttf
fonts-tlwg-typo
fonts-tlwg-typo-ttf
fonts-tlwg-umpush
fonts-tlwg-umpush-ttf
fonts-tlwg-waree
fonts-tlwg-waree-ttf
fonts-ubuntu
fonts-urw-base35
fonts-yrsa-rasa
foomatic-db-compressed-ppds
fprintd
friendly-recovery
ftp
fuse3
fwupd
fwupd-signed
gamemode
gamemode-daemon
gawk
gcc
gcc-11
gcc-11-base
gcc-12
gcc-12-base
gcolor3
gcr
gdb
gdbserver
gdebi
gdebi-core
gdisk
genisoimage
geoclue-2.0
geoip-database
gettext
gettext-base
ghostscript
ghostscript-x
gir1.2-accountsservice-1.0
gir1.2-appstream-1.0
gir1.2-appstreamglib-1.0
gir1.2-atk-1.0
gir1.2-atspi-2.0
gir1.2-ayatanaappindicator3-0.1
gir1.2-caribou-1.0
gir1.2-clutter-1.0
gir1.2-cogl-1.0
gir1.2-coglpango-1.0
gir1.2-dbusmenu-glib-0.4
gir1.2-dee-1.0
gir1.2-flatpak-1.0
gir1.2-freedesktop
gir1.2-gdkpixbuf-2.0
gir1.2-glib-2.0
gir1.2-gmenu-3.0
gir1.2-gspell-1
gir1.2-gst-plugins-base-1.0
gir1.2-gstreamer-1.0
gir1.2-gtk-3.0
gir1.2-gtksource-3.0
gir1.2-gtksource-4
gir1.2-gtop-2.0
gir1.2-gudev-1.0
gir1.2-handy-1
gir1.2-harfbuzz-0.0
gir1.2-ibus-1.0
gir1.2-javascriptcoregtk-4.0
gir1.2-json-1.0
gir1.2-nm-1.0
gir1.2-nma-1.0
gir1.2-notify-0.7
gir1.2-packagekitglib-1.0
gir1.2-pango-1.0
gir1.2-peas-1.0
gir1.2-polkit-1.0
gir1.2-rb-3.0
gir1.2-secret-1
gir1.2-soup-2.4
gir1.2-timezonemap-1.0
gir1.2-udisks-2.0
gir1.2-upowerglib-1.0
gir1.2-vte-2.91
gir1.2-webkit2-4.0
gir1.2-wnck-3.0
gir1.2-xapp-1.0
gir1.2-xfconf-0
gir1.2-xkl-1.0
gir1.2-xviewer-3.0
git
gkbd-capplet
glib-networking
glib-networking-common
glib-networking-services
gnome-accessibility-themes
gnome-calculator
gnome-desktop3-data
gnome-disk-utility
gnome-icon-theme
gnome-keyring
gnome-keyring-pkcs11
gnome-logs
gnome-menus
gnome-session-canberra
gnome-settings-daemon-common
gnome-system-tools
gnome-themes-extra
gnome-themes-extra-data
gnome-tweaks
gnupg
gnupg-l10n
gnupg-utils
gpg
gpg-agent
gpg-wks-client
gpg-wks-server
gpgconf
gpgsm
gpgv
grep
groff-base
growisofs
grub-common
grub-efi-amd64-bin
grub-efi-amd64-signed
grub-gfxpayload-lists
grub-pc
grub-pc-bin
grub2-common
gsettings-desktop-schemas
gsettings-ubuntu-schemas
gsfonts
gstreamer1.0-alsa
gstreamer1.0-clutter-3.0
gstreamer1.0-gl
gstreamer1.0-gtk3
gstreamer1.0-packagekit
gstreamer1.0-pipewire
gstreamer1.0-plugins-base
gstreamer1.0-plugins-base-apps
gstreamer1.0-plugins-good
gstreamer1.0-pulseaudio
gstreamer1.0-tools
gstreamer1.0-x
gtk-update-icon-cache
gtk2-engines
gtk2-engines-murrine
gtk2-engines-pixbuf
gucharmap
gufw
guile-2.2-libs
gvfs
gvfs-backends
gvfs-common
gvfs-daemons
gvfs-fuse
gvfs-libs
gzip
hdparm
heif-gdk-pixbuf
hexchat
hexchat-common
hfsprogs
hicolor-icon-theme
hostname
hplip
hplip-data
hunspell-de-at-frami
hunspell-de-ch-frami
hunspell-de-de-frami
hunspell-en-au
hunspell-en-ca
hunspell-en-gb
hunspell-en-us
hunspell-en-za
hunspell-es
hunspell-fr
hunspell-fr-classical
hunspell-it
hunspell-pt-br
hunspell-pt-pt
hunspell-ru
hwdata
hyphen-de
hyphen-en-ca
hyphen-en-gb
hyphen-en-us
hyphen-fr
hyphen-it
hyphen-pt-br
hyphen-pt-pt
hyphen-ru
hypnotix
i965-va-driver
ideviceinstaller
ieee-data
ifupdown
ifuse
iio-sensor-proxy
im-config
indicator-common
indicator-sound
info
init
init-system-helpers
initramfs-tools
initramfs-tools-bin
initramfs-tools-core
inputattach
install-info
intel-media-va-driver
intel-microcode
intltool-debian
inxi
ipp-usb
iproute2
iptables
iputils-arping
iputils-ping
iputils-tracepath
irqbalance
isc-dhcp-client
isc-dhcp-common
iso-codes
iso-flag-png
iucode-tool
iw
java-common
jfsutils
joyent-mdata-client
joystick
kbd
kerneloops
keyboard-configuration
keyutils
klibc-utils
kmod
kpartx
kpartx-boot
krb5-locales
language-pack-en
language-pack-en-base
language-pack-gnome-en
language-pack-gnome-en-base
laptop-detect
less
libaa1
libabsl20210324
libabw-0.1-1
libaccountsservice0
libacl1
libaio1
libaliased-perl
libao-common
libao4
libaom3
libapparmor1
libappstream-glib8
libappstream4
libapt-pkg-perl
libapt-pkg6.0
libarchive-zip-perl
libarchive13
libargon2-1
libasan6
libasan8
libasound2
libasound2-data
libasound2-plugins
libaspell15
libass9
libassuan0
libasyncns0
libatasmart4
libatk-adaptor
libatk-bridge2.0-0
libatk1.0-0
libatk1.0-data
libatkmm-1.6-1v5
libatm1
libatomic1
libatopology2
libatspi2.0-0
libattr1
libaudit-common
libaudit1
libauthen-sasl-perl
libavahi-client3
libavahi-common-data
libavahi-common3
libavahi-core7
libavahi-glib1
libavc1394-0
libavdevice58
libavfilter7
libavformat58
libavutil56
libayatana-appindicator3-1
libayatana-ido3-0.4-0
libayatana-indicator3-7
libb-hooks-endofscope-perl
libb-hooks-op-check-perl
libbabeltrace1
libbinutils
libblas3
libblkid1
libblockdev-crypto2
libblockdev-fs2
libblockdev-loop2
libblockdev-part-err2
libblockdev-part2
libblockdev-swap2
libblockdev-utils2
libblockdev2
libbluetooth3
libbluray2
libboost-filesystem1.74.0
libboost-iostreams1.74.0
libboost-locale1.74.0
libboost-regex1.74.0
libboost-thread1.74.0
libbpf0
libbrasero-media3-1
libbrlapi0.8
libbrotli1
libbs2b0
libbsd0
libburn4
libbz2-1.0
libc-bin
libc6
libc6-dbg
libcaca0
libcairo-gobject-perl
libcairo-gobject2
libcairo-perl
libcairo2
libcairomm-1.0-1v5
libcamel-1.2-63
libcanberra-gtk-module
libcanberra-gtk0
libcanberra-gtk3-0
libcanberra-gtk3-module
libcanberra-pulse
libcanberra0
libcap-ng0
libcap2
libcap2-bin
libcapture-tiny-perl
libcaribou-common
libcaribou0
libcbor0.8
libcc1-0
libcdio-cdda2
libcdio-paranoia2
libcdio19
libcdparanoia0
libcdr-0.1-1
libcgi-fast-perl
libcgi-pm-perl
libchamplain-0.12-0
libchamplain-gtk-0.12-0
libchromaprint1
libcinnamon-desktop4
libclass-data-inheritable-perl
libclass-method-modifiers-perl
libclass-xsaccessor-perl
libclone-perl
libclucene-contribs1v5
libclucene-core1v5
libclutter-1.0-0
libclutter-gst-3.0-0
libclutter-gtk-1.0-0
libcodec2-1.0
libcogl-pango20
libcogl-path20
libcogl20
libcolamd2
libcolord2
libcolorhug2
libcom-err2
libcompizconfig0
libconfig-tiny-perl
libconfig9
libconst-fast-perl
libcpanel-json-xs-perl
libcrack2
libcrypt1
libcryptsetup12
libctf-nobfd0
libctf0
libcups2
libcupsfilters1
libcupsimage2
libcurl3-gnutls
libcurl4
libcwidget4
libdaemon0
libdata-dpath-perl
libdata-dump-perl
libdata-messagepack-perl
libdata-optlist-perl
libdata-validate-domain-perl
libdata-validate-ip-perl
libdata-validate-uri-perl
libdatrie1
libdav1d5
libdb5.3
libdbus-1-3
libdbus-glib-1-2
libdbusmenu-glib4
libdbusmenu-gtk3-4
libdc1394-25
libdconf1
libde265-0
libdebconfclient0
libdebuginfod-common
libdebuginfod1
libdecor-0-0
libdecoration0
libdee-1.0-4
libdeflate0
libdevel-callchecker-perl
libdevel-size-perl
libdevel-stacktrace-perl
libdevmapper-event1.02.1
libdevmapper1.02.1
libdjvulibre-text
libdjvulibre21
libdmapsharing-3.0-2
libdmraid1.0.0.rc16
libdns-export1110
libdotconf0
libdouble-conversion3
libdpkg-perl
libdrm-amdgpu1
libdrm-common
libdrm-intel1
libdrm-nouveau2
libdrm-radeon1
libdrm2
libdv4
libdvdnav4
libdvdread8
libdw1
libdynaloader-functions-perl
libe-book-0.1-1
libebackend-1.2-10
libebook-1.2-20
libebook-contacts-1.2-3
libecal-2.0-1
libecryptfs1
libedata-book-1.2-26
libedata-cal-2.0-1
libedataserver-1.2-26
libedataserverui-1.2-3
libedit2
libefiboot1
libefivar1
libegl-mesa0
libegl1
libel-api-java
libelf1
libemail-address-xs-perl
libenchant-2-2
libencode-locale-perl
libeot0
libepoxy0
libept1.6.0
libepubgen-0.1-1
libespeak-ng1
libestr0
libetonyek-0.1-1
libevdev2
libevent-2.1-7
libexception-class-perl
libexempi8
libexif12
libexiv2-27
libexo-2-0
libexo-common
libexpat1
libexporter-tiny-perl
libext2fs2
libexttextcat-2.0-0
libexttextcat-data
libextutils-depends-perl
libfakeroot
libfastjson4
libfcgi-perl
libfcgi0ldbl
libfdisk1
libffi8
libffmpegthumbnailer4v5
libfftw3-single3
libfido2-1
libfile-basedir-perl
libfile-desktopentry-perl
libfile-fcntllock-perl
libfile-find-rule-perl
libfile-listing-perl
libfile-mimeinfo-perl
libflac8
libflatpak0
libflite1
libfont-afm-perl
libfont-ttf-perl
libfontconfig1
libfontembed1
libfontenc1
libfprint-2-2
libfreehand-0.1-1
libfreetype6
libfribidi0
libfuse2
libfuse3-3
libfwupd2
libfwupdplugin5
libgail-3-0
libgail-common
libgail18
libgamemode0
libgamemodeauto0
libgarcon-1-0
libgarcon-common
libgarcon-gtk3-1-0
libgbm1
libgc1
libgcab-1.0-0
libgcc-11-dev
libgcc-12-dev
libgcc-s1
libgck-1-0
libgcr-base-3-1
libgcr-ui-3-1
libgcrypt20
libgd3
libgdata-common
libgdata22
libgdbm-compat4
libgdbm6
libgdk-pixbuf-2.0-0
libgdk-pixbuf2.0-bin
libgdk-pixbuf2.0-common
libgee-0.8-2
libgeocode-glib0
libgexiv2-2
libgfortran5
libgif7
libgirepository-1.0-1
libgl1
libgl1-mesa-dri
libglapi-mesa
libgles2
libglib-object-introspection-perl
libglib-perl
libglib2.0-0
libglib2.0-bin
libglib2.0-data
libglibmm-2.4-1v5
libglu1-mesa
libglvnd0
libglx-mesa0
libglx0
libgme0
libgmp10
libgnome-menu-3-0
libgnomekbd-common
libgnomekbd8
libgnutls30
libgoa-1.0-0b
libgoa-1.0-common
libgomp1
libgpg-error0
libgpgme11
libgpgmepp6
libgphoto2-6
libgphoto2-l10n
libgphoto2-port12
libgpm2
libgpod-common
libgpod4
libgraphene-1.0-0
libgraphite2-3
libgrilo-0.3-0
libgs9
libgs9-common
libgsf-1-114
libgsf-1-common
libgsf-bin
libgsm1
libgspell-1-2
libgspell-1-common
libgssapi-krb5-2
libgstreamer-gl1.0-0
libgstreamer-plugins-base1.0-0
libgstreamer-plugins-good1.0-0
libgstreamer1.0-0
libgtk-3-0
libgtk-3-bin
libgtk-3-common
libgtk2.0-0
libgtk2.0-bin
libgtk2.0-common
libgtk3-perl
libgtkmm-3.0-1v5
libgtksourceview-3.0-1
libgtksourceview-3.0-common
libgtksourceview-4-0
libgtksourceview-4-common
libgtop-2.0-11
libgtop2-common
libgucharmap-2-90-7
libgudev-1.0-0
libgusb2
libgutenprint-common
libgutenprint9
libgweather-3-16
libgweather-common
libgxps2
libhandy-1-0
libharfbuzz-icu0
libharfbuzz0b
libheif1
libhogweed6
libhpmud0
libhsqldb1.8.0-java
libhtml-form-perl
libhtml-format-perl
libhtml-html5-entities-perl
libhtml-parser-perl
libhtml-tagset-perl
libhtml-tree-perl
libhttp-cookies-perl
libhttp-daemon-perl
libhttp-date-perl
libhttp-message-perl
libhttp-negotiate-perl
libhunspell-1.7-0
libhyphen0
libibus-1.0-5
libical3
libice6
libicu70
libidn12
libidn2-0
libiec61883-0
libieee1284-3
libigdgmm12
libijs-0.35
libimagequant0
libimobiledevice-utils
libimobiledevice6
libimport-into-perl
libinih1
libinput-bin
libinput10
libio-html-perl
libio-interactive-perl
libio-prompt-tiny-perl
libio-socket-ssl-perl
libio-string-perl
libip4tc2
libip6tc2
libipc-run3-perl
libipc-system-simple-perl
libipt2
libisc-export1105
libisl23
libisofs6
libiterator-perl
libiterator-util-perl
libitm1
libiw30
libjack-jackd2-0
libjansson4
libjavascriptcoregtk-4.0-18
libjavascriptcoregtk-4.1-0
libjbig0
libjbig2dec0
libjcat1
libjpeg-turbo8
libjpeg8
libjs-mathjax
libjson-c5
libjson-glib-1.0-0
libjson-glib-1.0-common
libjson-maybexs-perl
libjsp-api-java
libjte2
libk5crypto3
libkeybinder-3.0-0
libkeybinder0
libkeyutils1
libklibc
libkmod2
libkpathsea6
libkrb5-3
libkrb5support0
libksba8
liblangtag-common
liblangtag1
liblapack3
liblcms2-2
liblcms2-utils
libldap-2.5-0
libldb2
liblibreoffice-java
liblightdm-gobject-1-0
liblilv-0-0
liblirc-client0
liblist-compare-perl
liblist-moreutils-perl
liblist-moreutils-xs-perl
liblist-someutils-perl
liblist-utilsby-perl
libllvm15
liblmdb0
liblocale-gettext-perl
liblouis-data
liblouis20
liblouisutdml-bin
liblouisutdml-data
liblouisutdml9
liblsan0
libltdl7
liblua5.2-0
liblvm2cmd2.03
liblwp-mediatypes-perl
liblwp-protocol-https-perl
liblz4-1
liblzma5
liblzo2-2
libmagic-mgc
libmagic1
libmalcontent-0-0
libmanette-0.2-0
libmarkdown2
libmaxminddb0
libmbim-glib4
libmbim-proxy
libmd0
libmd4c0
libmessaging-menu0
libmetacity3
libmfx1
libmhash2
libminiupnpc17
libmm-glib0
libmnl0
libmodule-implementation-perl
libmodule-runtime-perl
libmoo-perl
libmoox-aliases-perl
libmount1
libmouse-perl
libmp3lame0
libmpc3
libmpdec3
libmpfr6
libmpg123-0
libmpv1
libmspub-0.1-1
libmtdev1
libmtp-common
libmtp-runtime
libmtp9
libmujs1
libmwaw-0.3-3
libmysofa1
libmythes-1.2-0
libnamespace-clean-perl
libnatpmp1
libnautilus-extension1a
libncurses6
libncursesw6
libndp0
libnet-dbus-perl
libnet-domain-tld-perl
libnet-http-perl
libnet-ipv6addr-perl
libnet-libidn-perl
libnet-netmask-perl
libnet-ssleay-perl
libnetaddr-ip-perl
libnetfilter-conntrack3
libnetplan0
libnettle8
libnewt0.52
libnfnetlink0
libnfs13
libnftables1
libnftnl11
libnghttp2-14
libnl-3-200
libnl-genl-3-200
libnl-route-3-200
libnm0
libnma-common
libnma0
libnorm1
libnotify-bin
libnotify4
libnpth0
libnsl2
libnspr4
libnss-mdns
libnss-myhostname
libnss-systemd
libnss3
libntfs-3g89
libnuma1
libnumber-compare-perl
libnvpair3linux
libodfgen-0.1-1
libogg0
liboobs-1-5
libopenal-data
libopenal1
libopengl0
libopenjp2-7
libopenmpt0
libopus0
liborc-0.4-0
liborcus-0.17-0
liborcus-parser-0.17-0
libostree-1-1
libp11-kit0
libpackage-stash-perl
libpackagekit-glib2-18
libpagemaker-0.0-0
libpam-cap
libpam-gnome-keyring
libpam-modules
libpam-modules-bin
libpam-runtime
libpam-systemd
libpam0g
libpango-1.0-0
libpangocairo-1.0-0
libpangoft2-1.0-0
libpangomm-1.4-1v5
libpangoxft-1.0-0
libpaper-utils
libpaper1
libparams-classify-perl
libparams-util-perl
libparted-fs-resize0
libparted2
libpath-tiny-perl
libpcap0.8
libpcaudio0
libpci3
libpciaccess0
libpcre2-16-0
libpcre2-32-0
libpcre2-8-0
libpcre3
libpcsclite1
libpeas-1.0-0
libpeas-common
libperl5.34
libperlio-gzip-perl
libperlio-utf8-strict-perl
libpgm-5.3-0
libphonenumber8
libpipeline1
libpipewire-0.3-0
libpipewire-0.3-modules
libpixman-1-0
libpkcs11-helper1
libplacebo192
libplist3
libplymouth5
libpng16-16
libpocketsphinx3
libpolkit-agent-1-0
libpolkit-gobject-1-0
libpoppler-cpp0v5
libpoppler-glib8
libpoppler118
libpopt0
libpostproc55
libproc-processtable-perl
libprocps8
libprotobuf23
libproxy1-plugin-gsettings
libproxy1-plugin-networkmanager
libproxy1v5
libpsl5
libpulse-mainloop-glib0
libpulse0
libpulsedsp
libpwquality-common
libpwquality1
libpython3-stdlib
libpython3.10
libpython3.10-minimal
libpython3.10-stdlib
libqmi-glib5
libqmi-proxy
libqpdf28
libqt5core5a
libqt5dbus5
libqt5gui5
libqt5network5
libqt5svg5
libqt5widgets5
libquadmath0
librabbitmq4
libraptor2-0
libraqm0
librasqal3
libraw1394-11
libraw20
librdf0
libreadline-dev
libreadline8
libreoffice-base
libreoffice-base-core
libreoffice-base-drivers
libreoffice-calc
libreoffice-common
libreoffice-core
libreoffice-draw
libreoffice-gnome
libreoffice-gtk3
libreoffice-help-common
libreoffice-help-de
libreoffice-help-en-gb
libreoffice-help-en-us
libreoffice-help-es
libreoffice-help-fr
libreoffice-help-it
libreoffice-help-pt
libreoffice-help-pt-br
libreoffice-help-ru
libreoffice-help-zh-cn
libreoffice-help-zh-tw
libreoffice-impress
libreoffice-java-common
libreoffice-l10n-de
libreoffice-l10n-en-gb
libreoffice-l10n-en-za
libreoffice-l10n-es
libreoffice-l10n-fr
libreoffice-l10n-it
libreoffice-l10n-pt
libreoffice-l10n-pt-br
libreoffice-l10n-ru
libreoffice-l10n-zh-cn
libreoffice-l10n-zh-tw
libreoffice-math
libreoffice-sdbc-hsqldb
libreoffice-style-colibre
libreoffice-writer
librevenge-0.0-0
librhythmbox-core10
librole-tiny-perl
librsvg2-2
librsvg2-common
librtmp1
librubberband2
libsamplerate0
libsane-common
libsane-hpaio
libsane1
libsasl2-2
libsasl2-modules
libsasl2-modules-db
libsbc1
libsdl2-2.0-0
libseccomp2
libsecret-1-0
libsecret-common
libselinux1
libsemanage-common
libsemanage2
libsensors-config
libsensors5
libsepol2
libserd-0-0
libsereal-decoder-perl
libsereal-encoder-perl
libservlet-api-java
libservlet3.1-java
libsgutils2-2
libshine3
libshout3
libsigc++-2.0-0v5
libsigsegv2
libsixel1
libslang2
libsm6
libsmartcols1
libsmbclient
libsmbios-c2
libsnapd-glib1
libsnappy1v5
libsndfile1
libsndio7.0
libsnmp-base
libsnmp40
libsodium23
libsonic0
libsord-0-0
libsort-versions-perl
libsoup-3.0-0
libsoup-3.0-common
libsoup-gnome2.4-1
libsoup2.4-1
libsoup2.4-common
libsource-highlight-common
libsource-highlight4v5
libsoxr0
libspa-0.2-modules
libspectre1
libspeechd2
libspeex1
libspeexdsp1
libsphinxbase3
libsqlite3-0
libsratom-0-0
libsrt1.4-gnutls
libss2
libssh-4
libssh-gcrypt-4
libssl3
libstartup-notification0
libstdc++6
libstemmer0d
libstrictures-perl
libsub-exporter-perl
libsub-exporter-progressive-perl
libsub-identify-perl
libsub-install-perl
libsub-name-perl
libsub-quote-perl
libsuitesparseconfig5
libswresample3
libswscale5
libsyntax-keyword-try-perl
libsystemd0
libtag1v5
libtag1v5-vanilla
libtagc0
libtalloc2
libtasn1-6
libtcl8.6
libtdb1
libteamdctl0
libterm-readkey-perl
libtevent0
libtext-charwidth-perl
libtext-glob-perl
libtext-iconv-perl
libtext-levenshteinxs-perl
libtext-markdown-discount-perl
libtext-wrapi18n-perl
libtext-xslate-perl
libthai-data
libthai0
libtheora0
libthunarx-3-0
libtie-ixhash-perl
libtiff5
libtime-duration-perl
libtime-moment-perl
libtimedate-perl
libtimezonemap-data
libtimezonemap1
libtinfo6
libtirpc-common
libtirpc3
libtotem-plparser-common
libtotem-plparser18
libtry-tiny-perl
libtsan0
libtsan2
libtspi1
libtss2-esys-3.0.2-0
libtss2-mu0
libtss2-sys1
libtss2-tcti-cmd0
libtss2-tcti-device0
libtss2-tcti-mssim0
libtss2-tcti-swtpm0
libtumbler-1-0
libtwolame0
libubsan1
libuchardet0
libudev1
libudfread0
libudisks2-0
libunarr1
libunicode-utf8-perl
libunistring2
libunity-protocol-private0
libunity-scopes-json-def-desktop
libunity9
libuno-cppu3
libuno-cppuhelpergcc3-3
libuno-purpenvhelpergcc3-3
libuno-sal3
libuno-salhelpergcc3-3
libunoloader-java
libunwind8
libupower-glib3
liburi-perl
liburing2
libusb-1.0-0
libusbmuxd6
libutempter0
libuuid-perl
libuuid1
libuutil3linux
libuv1
libv4l-0
libv4lconvert0
libva-drm2
libva-wayland2
libva-x11-2
libva2
libvariable-magic-perl
libvdpau1
libvidstab1.1
libvisio-0.1-1
libvisual-0.4-0
libvisual-0.4-plugins
libvolume-key1
libvorbis0a
libvorbisenc2
libvorbisfile3
libvpx7
libvte-2.91-0
libvte-2.91-common
libvulkan1
libwacom-bin
libwacom-common
libwacom9
libwavpack1
libwayland-client0
libwayland-cursor0
libwayland-egl1
libwayland-server0
libwbclient0
libwebkit2gtk-4.0-37
libwebkit2gtk-4.1-0
libwebp7
libwebpdemux2
libwebpmux3
libwebrtc-audio-processing1
libwebsocket-api-java
libwmf-0.2-7
libwmf-0.2-7-gtk
libwmf0.2-7-gtk
libwmflite-0.2-7
libwnck-3-0
libwnck-3-common
libwoff1
libwpd-0.10-10
libwpe-1.0-1
libwpebackend-fdo-1.0-1
libwpg-0.3-3
libwps-0.4-4
libwrap0
libwww-perl
libwww-robotrules-perl
libx11-6
libx11-data
libx11-protocol-perl
libx11-xcb1
libx264-163
libx265-199
libxapian30
libxapp1
libxatracker2
libxau6
libxaw7
libxcb-dri2-0
libxcb-dri3-0
libxcb-glx0
libxcb-icccm4
libxcb-image0
libxcb-keysyms1
libxcb-present0
libxcb-randr0
libxcb-render-util0
libxcb-render0
libxcb-shape0
libxcb-shm0
libxcb-sync1
libxcb-util1
libxcb-xfixes0
libxcb-xinerama0
libxcb-xinput0
libxcb-xkb1
libxcb-xv0
libxcb1
libxcomposite1
libxcursor1
libxcvt0
libxdamage1
libxdmcp6
libxext6
libxfce4panel-2.0-4
libxfce4ui-2-0
libxfce4ui-common
libxfce4util-bin
libxfce4util-common
libxfce4util7
libxfconf-0-3
libxfixes3
libxfont2
libxft2
libxi6
libxinerama1
libxkbcommon-x11-0
libxkbcommon0
libxkbfile1
libxklavier16
libxml-libxml-perl
libxml-namespacesupport-perl
libxml-parser-perl
libxml-sax-base-perl
libxml-sax-expat-perl
libxml-sax-perl
libxml-twig-perl
libxml-xpathengine-perl
libxml2
libxmlb2
libxmlsec1
libxmlsec1-nss
libxmu6
libxmuu1
libxpm4
libxpresent1
libxrandr2
libxreaderdocument3
libxreaderview3
libxrender1
libxres1
libxs-parse-keyword-perl
libxshmfence1
libxslt1.1
libxss1
libxt6
libxtables12
libxtst6
libxv1
libxvidcore4
libxvmc1
libxxf86dga1
libxxf86vm1
libxxhash0
libyajl2
libyaml-0-2
libyaml-libyaml-perl
libyaml-tiny-perl
libyelp0
libzfs4linux
libzimg2
libzip4
libzmq5
libzpool5linux
libzstd1
libzvbi-common
libzvbi0
light-locker
light-locker-settings
lightdm
lightdm-settings
lintian
linux-base
linux-firmware
linux-generic-hwe-22.04
linux-headers-5.15.0-91
linux-headers-5.15.0-91-generic
linux-headers-6.2.0-39-generic
linux-headers-6.5.0-41-generic
linux-image-5.15.0-91-generic
linux-image-6.2.0-39-generic
linux-image-6.5.0-41-generic
linux-libc-dev
linux-modules-5.15.0-91-generic
linux-modules-extra-5.15.0-91-generic
linux-modules-extra-6.2.0-39-generic
linux-modules-extra-6.5.0-41-generic
linux-sound-base
linuxmint-keyring
lm-sensors
localechooser-data
locales
login
logrotate
logsave
lp-solve
lsb-base
lsb-release
lshw
lsof
lto-disabled-list
ltrace
lvm2
lzip
lzop
m4
mailcap
make
makedev
man-db
manpages
manpages-dev
mawk
media-player-info
media-types
menulibre
mesa-utils
mesa-utils-bin
mesa-va-drivers
mesa-vdpau-drivers
mesa-vulkan-drivers
metacity
metacity-common
mime-support
mint-artwork
mint-backgrounds-vanessa
mint-backgrounds-vera
mint-backgrounds-victoria
mint-backgrounds-virginia
mint-common
mint-cursor-themes
mint-info-xfce
mint-l-icons
mint-l-theme
mint-meta-codecs
mint-meta-core
mint-meta-xfce
mint-mirrors
mint-themes
mint-translations
mint-upgrade-info
mint-x-icons
mint-y-icons
mintbackup
mintdesktop
mintdrivers
mintinstall
mintlocale
mintreport
mintsources
mintstick
mintsystem
mintupdate
mintwelcome
mobile-broadband-provider-info
modemmanager
module-assistant
mokutil
mount
mousetweaks
mscompress
mtools
mtr-tiny
mugshot
mythes-de
mythes-de-ch
mythes-en-au
mythes-en-us
mythes-fr
mythes-it
mythes-pt-pt
mythes-ru
nano
nautilus-data
ncal
ncurses-base
ncurses-bin
neofetch
neovim
neovim-qt
net-tools
netbase
netcat-openbsd
netplan.io
network-manager
network-manager-config-connectivity-ubuntu
network-manager-gnome
network-manager-openvpn
network-manager-openvpn-gnome
network-manager-pptp
network-manager-pptp-gnome
networkd-dispatcher
nftables
nodejs
npm
ntfs-3g
numix-icon-theme
numix-icon-theme-circle
nvidia-prime-applet
ocl-icd-libopencl1
onboard
onboard-common
openjdk-11-jre
openjdk-11-jre-headless
openprinting-ppds
openssh-client
openssl
openvpn
orca
os-prober
oxygen-cursor-theme
oxygen-cursor-theme-extra
p11-kit
p11-kit-modules
p7zip
p7zip-full
packagekit
packagekit-tools
papirus-icon-theme
parted
passwd
patch
patchutils
pavucontrol
pci.ids
pciutils
pcmciautils
pcsx2:i386
perl
perl-base
perl-modules-5.34
perl-openssl-defaults
phinger-cursor-theme
pinentry-curses
pinentry-gnome3
pip-check-reqs
pipenv
piper
pipewire
pipewire-bin:i386
pipewire-media-session
pipewire-pulse:i386
pipewire-tests:i386
pipewire:i386
pipexec
pipsi
pipx
pix
pix-data
pix-dbg
pkexec
pkg-config
plocate
plymouth
plymouth-label
plymouth-theme-spinner
plymouth-theme-ubuntu-text
pm-utils
policykit-1
policykit-1-gnome
policykit-desktop-privileges
polkitd
poppler-data
poppler-utils
powermgmt-base
ppp
pppconfig
pppoeconf
pptp-linux
printer-driver-brlaser
printer-driver-c2esp
printer-driver-foo2zjs
printer-driver-foo2zjs-common
printer-driver-gutenprint
printer-driver-hpcups
printer-driver-m2300w
printer-driver-min12xxw
printer-driver-pnm2ppa
printer-driver-postscript-hp
printer-driver-ptouch
printer-driver-pxljr
printer-driver-sag-gdi
printer-driver-splix
procps
psmisc
publicsuffix
pulseaudio
pulseaudio-module-bluetooth
pulseaudio-utils
python-apt-common
python-dev-is-python3
python2
python3
python3-apport
python3-apt
python3-aptdaemon
python3-aptdaemon.gtk3widgets
python3-async-timeout
python3-blinker
python3-brlapi
python3-brotli
python3-bs4
python3-cairo
python3-certifi
python3-cffi-backend
python3-chardet
python3-click
python3-colorama
python3-commandnotfound
python3-compizconfig
python3-configobj
python3-cryptography
python3-cups
python3-cupshelpers
python3-dbus
python3-debian
python3-defer
python3-distro
python3-eyed3
python3-filelock
python3-gdbm
python3-gi
python3-gi-cairo
python3-gnupg
python3-httplib2
python3-icu
python3-idna
python3-ifaddr
python3-imdbpy
python3-importlib-metadata
python3-jeepney
python3-joypy
python3-jwt
python3-keyring
python3-launchpadlib
python3-lazr.restfulclient
python3-lazr.uri
python3-ldb
python3-louis
python3-magic
python3-mako
python3-markupsafe
python3-minimal
python3-more-itertools
python3-mutagen
python3-nacl
python3-netaddr
python3-netifaces
python3-oauthlib
python3-packaging
python3-parted
python3-pexpect
python3-pil
python3-pkg-resources
python3-problem-report
python3-psutil
python3-ptyprocess
python3-pyatspi
python3-pycryptodome
python3-pycurl
python3-pyelftools
python3-pyparsing
python3-qrcode
python3-reportlab
python3-reportlab-accel
python3-requests
python3-requests-file
python3-samba
python3-secretstorage
python3-setproctitle
python3-six
python3-soupsieve
python3-speechd
python3-systemd
python3-talloc
python3-tdb
python3-tldextract
python3-typing-extensions
python3-unidecode
python3-uno
python3-urllib3
python3-wadllib
python3-websockets
python3-xapp
python3-xdg
python3-xkit
python3-yaml
python3-zipp
python3.10
python3.10-minimal
qjoypad
qt5-gtk-platformtheme
qt5-gtk2-platformtheme
qt5-style-plugin-cleanlooks
qt5-style-plugin-motif
qt5-style-plugin-plastique
qt5-style-plugins
qt5ct
qttranslations5-l10n
rdate
readline-common
redshift
redshift-gtk
reiserfsprogs
rename
rfkill
rhythmbox
rhythmbox-data
rhythmbox-plugin-tray-icon
rhythmbox-plugins
rocm-hip-runtime
rocm-opencl-runtime
rsync
rsyslog
rtkit
rtl8821ce-dkms
samba-common
samba-common-bin
samba-libs
sane-airscan
sane-utils
sbsigntool
seahorse
secureboot-db
sed
sensible-utils
session-migration
sgml-base
sgml-data
shared-mime-info
shim-signed
simple-scan
slick-greeter
smbclient
software-properties-common
sound-theme-freedesktop
speech-dispatcher
speech-dispatcher-audio-plugins
speech-dispatcher-espeak-ng
spotify-client
squashfs-tools
ssl-cert
sticky
stow
strace
sublime-text
sudo
switcheroo-control
synaptic
syslinux
syslinux-common
syslinux-utils
system-config-printer
system-config-printer-common
system-config-printer-udev
system-tools-backends
systemd
systemd-coredump
systemd-sysv
systemd-timesyncd
sysvinit-utils
t1utils
tar
tcl
tcl8.6
tcpdump
telnet
thermald
thingy
thunar
thunar-archive-plugin
thunar-data
thunar-dropbox-plugin
thunar-font-manager
thunar-gtkhash
thunar-media-tags-plugin
thunar-vcs-plugin
thunar-volman
thunarx-python
thunderbird
thunderbird-gnome-support
thunderbird-locale-en
thunderbird-locale-en-us
time
timeshift
tmux
tnftp
tpm-udev
transmission-common
transmission-gtk
tree
tumbler
tumbler-common
tzdata
ubuntu-dbgsym-keyring
ubuntu-drivers-common
ubuntu-keyring
ubuntu-system-adjustments
ucf
udev
udisks2
ufw
unar
uno-libs-private
unzip
update-inetd
upower
ure
ure-java
usb-modeswitch
usb-modeswitch-data
usb.ids
usbmuxd
usbutils
user-setup
usrmerge
util-linux
uuid-runtime
va-driver-all
vim-common
vim-tiny
wamerican
warpinator
wbrazilian
wbritish
webapp-manager
webp-pixbuf-loader
wfrench
wget
whiptail
winehq-stable
wireless-regdb
wireless-tools
witalian
wmctrl
wngerman
wogerman
wpasupplicant
wportuguese
wspanish
wswiss
x11-apps
x11-common
x11-session-utils
x11-utils
x11-xkb-utils
x11-xserver-utils
xapp-appimage-thumbnailer
xapp-epub-thumbnailer
xapp-mp3-thumbnailer
xapp-raw-thumbnailer
xapp-thumbnailers-common
xapps-common
xauth
xbitmaps
xbrlapi
xdg-dbus-proxy
xdg-desktop-portal
xdg-desktop-portal-gtk
xdg-desktop-portal-xapp
xdg-user-dirs
xdg-user-dirs-gtk
xdg-utils
xed
xed-common
xed-dbg
xeus-python-dev
xfce4-appfinder
xfce4-cpufreq-plugin
xfce4-datetime-plugin
xfce4-dict
xfce4-eyes-plugin
xfce4-helpers
xfce4-indicator-plugin
xfce4-mailwatch-plugin
xfce4-notifyd
xfce4-panel
xfce4-places-plugin
xfce4-power-manager
xfce4-power-manager-data
xfce4-power-manager-plugins
xfce4-pulseaudio-plugin
xfce4-screenshooter
xfce4-session
xfce4-settings
xfce4-statusnotifier-plugin
xfce4-systemload-plugin
xfce4-taskmanager
xfce4-terminal
xfce4-time-out-plugin
xfce4-timer-plugin
xfce4-verve-plugin
xfce4-volumed
xfce4-weather-plugin
xfce4-whiskermenu-plugin
xfce4-xapp-status-plugin
xfce4-xkb-plugin
xfconf
xfdesktop4
xfdesktop4-data
xfonts-base
xfonts-encodings
xfonts-scalable
xfonts-utils
xfsprogs
xfwm4
xiccd
xinit
xinput
xkb-data
xml-core
xorg
xorg-docs-core
xreader
xreader-common
xreader-dbg
xserver-common
xserver-xephyr
xserver-xorg
xserver-xorg-core
xserver-xorg-input-all
xserver-xorg-input-joystick
xserver-xorg-input-libinput
xserver-xorg-input-wacom
xserver-xorg-legacy
xserver-xorg-video-all
xserver-xorg-video-amdgpu
xserver-xorg-video-ati
xserver-xorg-video-fbdev
xserver-xorg-video-intel
xserver-xorg-video-nouveau
xserver-xorg-video-qxl
xserver-xorg-video-radeon
xserver-xorg-video-vesa
xserver-xorg-video-vmware
xviewer
xviewer-dbg
xviewer-plugins
xwayland
xxd
xz-utils
yaru-theme-icon
yelp
yelp-xsl
yt-dlp
zenity
zenity-common
zfs-initramfs
zfs-zed
zfsutils-linux
zip
zlib1g
zsh
zstd
